case #1:
GGG
CCC
JJJ
case #2:
CODE
CODE
JJAM
case #3:
CA
KE
case #4:
A
case #5:
AAAAAAAABBBBBBBBBBBBBBBBB
AAAAAAAABBBBBBBBBBBBBBBBB
AAAAAAAABBBBBBBBBBBBBBBBB
AAAAAAAABBBBBBBBBBBBBBBBB
AAAAAAAABBBBBBBBBBBBBBBBB
AAAAAAAABBBBBBBBBBBBBBBBB
AAAAAAAABBBBBBBBBBBBBBBBB
AAAAAAAABBBBBBBBBBBBBBBBB
AAAAAAAABBBBBBBBBBBBBBBBB
CCCCCCCCCCCCCCCCCCCCCCCCC
DDDDDDDDDDDDDDDDDDDDDDDDD
EEEEEEEEEEEEEEEEEEEEEEEEE
EEEEEEEEEEEEEEEEEEEEEEEEE
EEEEEEEEEEEEEEEEEEEEEEEEE
EEEEEEEEEEEEEEEEEEEEEEEEE
EEEEEEEEEEEEEEEEEEEEEEEEE
EEEEEEEEEEEEEEEEEEEEEEEEE
EEEEEEEEEEEEEEEEEEEEEEEEE
EEEEEEEEEEEEEEEEEEEEEEEEE
FFFFFFFFFFFFFFFFFHHHHHHHH
JJJJJJJJJJJJJJJJJJJJJJJJJ
JJJJJJJJJJJJJJJJJJJJJJJJJ
JJJJJJJJJJJJJJJJJJJJJJJJJ
JJJJJJJJJJJJJJJJJJJJJJJJJ
GGGGGGGGGGGGGGGGGGIIIIIII
case #6:
GGGGGGGGGGGGGGGGGGGGGGGGG
YYYYYYYYYYYYYYYYYYYYYYYYY
YYYYYYYYYYYYYYYYYYYYYYYYY
NNNNNNNNNNNNNNNNNNNNNNNNN
NNNNNNNNNNNNNNNNNNNNNNNNN
BBBBBBBBBBBBBBBQQQMMMLLLL
BBBBBBBBBBBBBBBQQQMMMLLLL
FFFFFFFFFFFFFFFFFFFFFFFFF
FFFFFFFFFFFFFFFFFFFFFFFFF
OOVVVVVVAAAAZZZZIIIIIIIII
OOVVVVVVAAAAZZZZIIIIIIIII
OOVVVVVVAAAAZZZZIIIIIIIII
PPPPPPPPPPPPPPPPPPPPPRRRR
XXXXXXXXXXXXXXXXXXXXXXXXX
EEEEEEEEEEEEEEEEEEEEEEEEE
EEEEEEEEEEEEEEEEEEEEEEEEE
EEEEEEEEEEEEEEEEEEEEEEEEE
EEEEEEEEEEEEEEEEEEEEEEEEE
KKKKKKKKKWWWWWWWWWWWWWWWW
DDDDDDDDDDDDDDDDDDDDDUUUU
JJJJJJJTTTTTTTTTTTTTTTTTT
HHHHHHHHHHHHHHHHHHHHHHHHH
HHHHHHHHHHHHHHHHHHHHHHHHH
CCCCCCCCCCCCCCCCCCCCCCCCC
SSSSSSSSSSSSSSSSSSSSSSSSS
case #7:
BBBBBBBBBBBRRRRRRRRRRRRRR
BBBBBBBBBBBRRRRRRRRRRRRRR
UUUUUUUUUUUUUUUUUUUUUUUUU
UUUUUUUUUUUUUUUUUUUUUUUUU
YYYYYYYYYYYYYYYYYYQQQQQQQ
JJJJJJJJJJJJJJJJJJJJJJJJJ
JJJJJJJJJJJJJJJJJJJJJJJJJ
JJJJJJJJJJJJJJJJJJJJJJJJJ
GGGGGGGGGGGGGGGGGGGGGGGGG
HHHHHHHHHHHHHHHHHHHHHHHHH
IIIIIIIIIIIIIIIIIIIIIIIII
IIIIIIIIIIIIIIIIIIIIIIIII
AAAAAAAAAAAAAAAAAAAAAAAEE
AAAAAAAAAAAAAAAAAAAAAAAEE
MMMMMMMMMMMMMMMMMMMMMMMMM
LLLLLLNNNNNNNNNNNNNNNNTTT
FFFFFFFFFSSSSSSSSSSSSSSSS
DDDDWWWWWWWWWWWWWWWWWWWWW
CCCCCCCCCCCCCCCCCCCCCCCCC
VVVVVVVXXXXXXXXXXXXXXXXXX
PPPPPPPPPPPPPPPPPPPPPPPPP
OOOOOOOOOOOOOOOOOOOOOOOOO
ZZZZZZZZZZZZZZZZZZZZZZZZZ
ZZZZZZZZZZZZZZZZZZZZZZZZZ
KKKKKKKKKKKKKKKKKKKKKKKKK
case #8:
BB
AA
case #9:
KKKKKKKKKKKKKKKKKKKKKKKKK
KKKKKKKKKKKKKKKKKKKKKKKKK
CCCCCCCCCCCCCCCCCCCCCCCCC
CCCCCCCCCCCCCCCCCCCCCCCCC
AAAAAAAAAAAAAAAAAAAAAJJEG
MMMMMMMMMMMMMMMMMMMMMMMMM
MMMMMMMMMMMMMMMMMMMMMMMMM
QQQQQQQQQQQQQQQQQFFFHHBBU
VVVVVVVVVVVVVVVVVVVVVPPPP
SSSSSSSSSSSSSNNNNNNNIYLTT
SSSSSSSSSSSSSNNNNNNNIYLTT
WWWWWWWWWWWWWWWWWWWWWWWXX
ZZZZZZZZZZZZZZZZZZZZZZZZZ
ZZZZZZZZZZZZZZZZZZZZZZZZZ
DDDDDDDDDDDDDDDDDDDDDDDDD
OOOOOOOOOOOOOOOOOOOOOOOOO
RRRRRRRRRRRRRRRRRRRRRRRRR
RRRRRRRRRRRRRRRRRRRRRRRRR
RRRRRRRRRRRRRRRRRRRRRRRRR
RRRRRRRRRRRRRRRRRRRRRRRRR
RRRRRRRRRRRRRRRRRRRRRRRRR
RRRRRRRRRRRRRRRRRRRRRRRRR
RRRRRRRRRRRRRRRRRRRRRRRRR
RRRRRRRRRRRRRRRRRRRRRRRRR
RRRRRRRRRRRRRRRRRRRRRRRRR
case #10:
GGGGGGGGGGGGGGGGGGGGGGGGG
XXXXXXXXXXXXXXXXXXXXXXUUU
TTTTJJJJJJJJJJJJJJJJJJJJJ
TTTTJJJJJJJJJJJJJJJJJJJJJ
QQQQQQQQQQQQQQQQQQQQQQQQQ
ZZZZZZZZZZZZZZZZZZZZZZZZZ
ZZZZZZZZZZZZZZZZZZZZZZZZZ
MMMMMMMMMMMMMMMMMMMMMAAAA
HHHHHHHHHHHHHHHHHHHHHHHHH
SSSSSSSSSSSSPPPPPPPPPPPPP
IIIIIIIIIIIFFFFFFFFFFFFFF
LLLLLLLLLLLLLVVVVVVVVVVVV
CCCCCCCCCCCCCCCCCCCCCCCCC
CCCCCCCCCCCCCCCCCCCCCCCCC
CCCCCCCCCCCCCCCCCCCCCCCCC
CCCCCCCCCCCCCCCCCCCCCCCCC
CCCCCCCCCCCCCCCCCCCCCCCCC
CCCCCCCCCCCCCCCCCCCCCCCCC
WWWWWWWWWWWWWWWWWWWWWWWWW
OOOOOOOOOOOOOOOOOOODDDDDD
YYYYYYYYYYYYYYYYYYYYYYYYY
NNNNNNNNNNNNNNNNNNKKKKKKK
NNNNNNNNNNNNNNNNNNKKKKKKK
BBBBBBBBBBBEEEEEEEEEEEEEE
RRRRRRRRRRRRRRRRRRRRRRRRR
case #11:
AAAAAAAAAAAAAAAAAAAAAAAAA
BBBBBBBBBBBBBBBBBBBBBBBBB
CCCCCCCCCCCCCCCCCCCCCCCCC
DDDDDDDDDDDDDDDDDDDDDDDDD
EEEEEEEEEEEEEEEEEEEEEEEEE
FFFFFFFFFFFFFFFFFFFFFFFFF
GGGGGGGGGGGGGGGGGGGGGGGGG
HHHHHHHHHHHHHHHHHHHHHHHHH
IIIIIIIIIIIIIIIIIIIIIIIII
JJJJJJJJJJJJJJJJJJJJJJJJJ
KKKKKKKKKKKKKKKKKKKKKKKKK
LLLLLLLLLLLLLLLLLLLLLLLLL
MMMMMMMMMMMMMMMMMMMMMMMMM
NNNNNNNNNNNNNNNNNNNNNNNNN
OOOOOOOOOOOOOOOOOOOOOOOOO
PPPPPPPPPPPPPPPPPPPPPPPPP
QQQQQQQQQQQQQQQQQQQQQQQQQ
RRRRRRRRRRRRRRRRRRRRRRRRR
SSSSSSSSSSSSSSSSSSSSSSSSS
TTTTTTTTTTTTTTTTTTTTTTTTT
UUUUUUUUUUUUUUUUUUUUUUUUU
VVVVVVVVVVVVVVVVVVVVVVVVV
WWWWWWWWWWWWWWWWWWWWWWWWW
XXXXXXXXXXXXXXXXXXXXXXXXX
YYYYYYYYYYYYYYYYYYYYYYYYY
case #12:
AAAAACCCCCCCCCCCCCCCCCCCC
AAAAACCCCCCCCCCCCCCCCCCCC
EEEEEEEEEEEEEEEEEEEEEEEEE
EEEEEEEEEEEEEEEEEEEEEEEEE
EEEEEEEEEEEEEEEEEEEEEEEEE
EEEEEEEEEEEEEEEEEEEEEEEEE
BBBBBBDDDDDDDDDDDDDDDDDDD
BBBBBBDDDDDDDDDDDDDDDDDDD
BBBBBBDDDDDDDDDDDDDDDDDDD
BBBBBBDDDDDDDDDDDDDDDDDDD
BBBBBBDDDDDDDDDDDDDDDDDDD
BBBBBBDDDDDDDDDDDDDDDDDDD
BBBBBBDDDDDDDDDDDDDDDDDDD
BBBBBBDDDDDDDDDDDDDDDDDDD
BBBBBBDDDDDDDDDDDDDDDDDDD
BBBBBBDDDDDDDDDDDDDDDDDDD
BBBBBBDDDDDDDDDDDDDDDDDDD
FFFFFFFFFFFFFFFFFFFFFFFGG
HHHHHHHHHHHHHHHHHHHHHHHHH
IIIIIIIIIIIIIIIIIIIIIIIII
JJJJJJJJJJJJJJJJJJJJJJJJJ
JJJJJJJJJJJJJJJJJJJJJJJJJ
JJJJJJJJJJJJJJJJJJJJJJJJJ
JJJJJJJJJJJJJJJJJJJJJJJJJ
JJJJJJJJJJJJJJJJJJJJJJJJJ
case #13:
AAAAAAAAAABBBBBBBBBBBBBBB
AAAAAAAAAABBBBBBBBBBBBBBB
AAAAAAAAAABBBBBBBBBBBBBBB
AAAAAAAAAABBBBBBBBBBBBBBB
AAAAAAAAAABBBBBBBBBBBBBBB
AAAAAAAAAABBBBBBBBBBBBBBB
AAAAAAAAAABBBBBBBBBBBBBBB
AAAAAAAAAABBBBBBBBBBBBBBB
AAAAAAAAAABBBBBBBBBBBBBBB
CCCCCCCCCCCCCCCCCCCCCCCCC
DDDDDDDDDDDDDDDDDDDDDDDDD
EEEEEEEEEEEEEEEEEEEEEEEEE
EEEEEEEEEEEEEEEEEEEEEEEEE
FFFFFFFFFFFFFFFFFFFFHHHHH
JJJJJJJJJJJJJJJJJJJJJJJJJ
JJJJJJJJJJJJJJJJJJJJJJJJJ
JJJJJJJJJJJJJJJJJJJJJJJJJ
JJJJJJJJJJJJJJJJJJJJJJJJJ
GGGGGGGGGGGGGGGGGGGGGIIII
GGGGGGGGGGGGGGGGGGGGGIIII
GGGGGGGGGGGGGGGGGGGGGIIII
GGGGGGGGGGGGGGGGGGGGGIIII
GGGGGGGGGGGGGGGGGGGGGIIII
GGGGGGGGGGGGGGGGGGGGGIIII
GGGGGGGGGGGGGGGGGGGGGIIII
case #14:
AAAAAABBBBBBBBBBBBBBBBBBB
AAAAAABBBBBBBBBBBBBBBBBBB
CCCCCCCCCCCCCCCCCCCCCCCCC
DDDDDDDDDDDDDDDDDDDDDDDDD
EEEEEEEEEEEEEEEEEEEEEEEEE
EEEEEEEEEEEEEEEEEEEEEEEEE
EEEEEEEEEEEEEEEEEEEEEEEEE
EEEEEEEEEEEEEEEEEEEEEEEEE
EEEEEEEEEEEEEEEEEEEEEEEEE
EEEEEEEEEEEEEEEEEEEEEEEEE
EEEEEEEEEEEEEEEEEEEEEEEEE
EEEEEEEEEEEEEEEEEEEEEEEEE
EEEEEEEEEEEEEEEEEEEEEEEEE
EEEEEEEEEEEEEEEEEEEEEEEEE
EEEEEEEEEEEEEEEEEEEEEEEEE
EEEEEEEEEEEEEEEEEEEEEEEEE
EEEEEEEEEEEEEEEEEEEEEEEEE
FFFFFFFFFFFFFFFFHHHHHHHHH
JJJJJJJJJJJJJJJJJJJJJJJJJ
JJJJJJJJJJJJJJJJJJJJJJJJJ
JJJJJJJJJJJJJJJJJJJJJJJJJ
JJJJJJJJJJJJJJJJJJJJJJJJJ
GGGGGGGGGGGGGGGGGIIIIIIII
GGGGGGGGGGGGGGGGGIIIIIIII
GGGGGGGGGGGGGGGGGIIIIIIII
case #15:
VVVVVVVVVVVVVVVVVVVVVVVVV
KKKKKKKKFFFFFFFFFFFFFFFFF
KKKKKKKKFFFFFFFFFFFFFFFFF
AAAAAAAPZZZZZZZZZZZZZZZZZ
UUUUUSSQIIIGGGGGGGGGGGGGG
DDDDDYYYRRRRRRRRRRRRRRRRR
NNNNNOOHEELLLLLLLLLLLLLLL
JJJJJJCWWXBBBBBBBBBBBBBBB
MMMMMMMMTTTTTTTTTTTTTTTTT
MMMMMMMMTTTTTTTTTTTTTTTTT
MMMMMMMMTTTTTTTTTTTTTTTTT
MMMMMMMMTTTTTTTTTTTTTTTTT
MMMMMMMMTTTTTTTTTTTTTTTTT
MMMMMMMMTTTTTTTTTTTTTTTTT
MMMMMMMMTTTTTTTTTTTTTTTTT
MMMMMMMMTTTTTTTTTTTTTTTTT
MMMMMMMMTTTTTTTTTTTTTTTTT
MMMMMMMMTTTTTTTTTTTTTTTTT
MMMMMMMMTTTTTTTTTTTTTTTTT
MMMMMMMMTTTTTTTTTTTTTTTTT
MMMMMMMMTTTTTTTTTTTTTTTTT
MMMMMMMMTTTTTTTTTTTTTTTTT
MMMMMMMMTTTTTTTTTTTTTTTTT
MMMMMMMMTTTTTTTTTTTTTTTTT
MMMMMMMMTTTTTTTTTTTTTTTTT
case #16:
KKKKKKKKHHHHHHHHHHHIIIII
KKKKKKKKHHHHHHHHHHHIIIII
KKKKKKKKHHHHHHHHHHHIIIII
KKKKKKKKHHHHHHHHHHHIIIII
SSSSSSSSSSSSSSSVVXXXXXXX
UUUUUUUUUUUUUUUUMMMMMMMM
WWWWWWWWWWWWWWWWWWWWWWWW
QQQQQQQQQQQQQQQQQQQQQQQQ
FFFFFFFFFFFFFFFFFFFFFFFF
FFFFFFFFFFFFFFFFFFFFFFFF
YYYYYYYYYYYYYYYYYYYYYYYY
DDDDDDDDDDDDDDDDDDDDDDDD
JJJJJJJJJJJJJJJJJJJJJJJJ
RRRRRRRRRRRRRRRRRRRRRRRR
TTTTTTTTTTTTTTTTTTTTTTTT
TTTTTTTTTTTTTTTTTTTTTTTT
TTTTTTTTTTTTTTTTTTTTTTTT
AAAAAAAAAAPPPPPPPPPPPPPP
OOOOOOOOOOOOOOOOOOOOOOOO
OOOOOOOOOOOOOOOOOOOOOOOO
NNNNNNNNNNNNNNNNNNNNNNNN
NNNNNNNNNNNNNNNNNNNNNNNN
BBBBBBBBBBBBBBBBBBBBBBBB
BBBBBBBBBBBBBBBBBBBBBBBB
LLLLLLLLLLGEEEEEECCCCCCC
case #17:
HHHHHHHHHHHHHHHHHHHHHHHHH
ZZZZZZDDDDDDEEEEEIIIIIIII
CCCCCCCCCCCCCCCCCCCCCCCCC
BBBBBBBBBBBBBBBBBBBBBBBBB
MMMMMMMMMMMMMMMMMMMMMMMMM
MMMMMMMMMMMMMMMMMMMMMMMMM
RRRRRRRRRRRRRRRRRRRRRRRRR
RRRRRRRRRRRRRRRRRRRRRRRRR
OOOOOOOOOOOOOOOOOOOOOOOOO
OOOOOOOOOOOOOOOOOOOOOOOOO
OOOOOOOOOOOOOOOOOOOOOOOOO
OOOOOOOOOOOOOOOOOOOOOOOOO
YYYYYYYYJJJJJJJJJJJJJJJJJ
VVVVVVVVVVVVVVVVVVVVVVVVV
VVVVVVVVVVVVVVVVVVVVVVVVV
PPPPPPPPPPPPPPPPPPPPPPPPP
TTTTTTTTTTTTTTTTTLLLLLLLL
UUUUUUUUUUUUUUUWWWWWWSSSS
XXXXXXXXXXXXXXXXXXXXXXXXX
QQQQQQQQQQQQQQQQQQQQQQQQQ
GGGGGGGGGGGGGGGNNNNNNNNNN
GGGGGGGGGGGGGGGNNNNNNNNNN
GGGGGGGGGGGGGGGNNNNNNNNNN
AAAAAAAAAAAAAAAAAAAKKKKKK
FFFFFFFFFFFFFFFFFFFFFFFFF
case #18:
IIIIIIIIIIIIIIIIIIIIIIIII
IIIIIIIIIIIIIIIIIIIIIIIII
AAAAAAAAAAAAAAAAAAAAAAAAA
AAAAAAAAAAAAAAAAAAAAAAAAA
QQQQQQQQQQQQQQQQQQQQQQQQQ
FFFFFFFFFFFFFFUUUUUUUUUUU
HHHHHHHHHHHHHHHHHHHHKKKKK
VVVVVVVVVVVVVVVVVVVVVVVVV
ZZZZZZZEEEEEEEEEEEEEEEEEE
MMMMMMMMMMMMMMMMMMMMMMMMM
SSSSSSSSSSSSSSSSSSSSSSSSS
CCCCCCCCCCCCCCCCCCCCCCCCC
CCCCCCCCCCCCCCCCCCCCCCCCC
CCCCCCCCCCCCCCCCCCCCCCCCC
YYYYYYYYYYYYYYYYYYYYYYYYY
BBBBBBBBBBBBBBBBBBBBBBBBB
BBBBBBBBBBBBBBBBBBBBBBBBB
BBBBBBBBBBBBBBBBBBBBBBBBB
BBBBBBBBBBBBBBBBBBBBBBBBB
NNNNNNNNNNNNNNNNNNNNNNNNN
XXXXXXXWWWWWWWWWWWWWWWWWT
XXXXXXXWWWWWWWWWWWWWWWWWT
PPPPPPPPPPPPPPPPPPPPPPPPP
LLLLLLLLLLLLLLLLLDDDRRRRR
GGGGGGGGGGGGJJJJJJJJJOOOO
case #19:
AAAAAAAAAAAAAAABBBBBBBBBB
AAAAAAAAAAAAAAABBBBBBBBBB
AAAAAAAAAAAAAAABBBBBBBBBB
AAAAAAAAAAAAAAABBBBBBBBBB
AAAAAAAAAAAAAAABBBBBBBBBB
AAAAAAAAAAAAAAABBBBBBBBBB
AAAAAAAAAAAAAAABBBBBBBBBB
AAAAAAAAAAAAAAABBBBBBBBBB
AAAAAAAAAAAAAAABBBBBBBBBB
AAAAAAAAAAAAAAABBBBBBBBBB
AAAAAAAAAAAAAAABBBBBBBBBB
AAAAAAAAAAAAAAABBBBBBBBBB
AAAAAAAAAAAAAAABBBBBBBBBB
AAAAAAAAAAAAAAABBBBBBBBBB
AAAAAAAAAAAAAAABBBBBBBBBB
AAAAAAAAAAAAAAABBBBBBBBBB
AAAAAAAAAAAAAAABBBBBBBBBB
AAAAAAAAAAAAAAABBBBBBBBBB
CCCCCCCCCCCCCCCCCCCCCCCCC
DDDDDDDDDDDDDDDDDDDDDDDDD
EEEEEEEEEEEEEEEEEEEEEEEEE
EEEEEEEEEEEEEEEEEEEEEEEEE
EEEEEEEEEEEEEEEEEEEEEEEEE
EEEEEEEEEEEEEEEEEEEEEEEEE
EEEEEEEEEEEEEEEEEEEEEEEEE
case #20:
FFFFFFFFFFFFFFFFFFFFFFFFF
FFFFFFFFFFFFFFFFFFFFFFFFF
FFFFFFFFFFFFFFFFFFFFFFFFF
FFFFFFFFFFFFFFFFFFFFFFFFF
FFFFFFFFFFFFFFFFFFFFFFFFF
FFFFFFFFFFFFFFFFFFFFFFFFF
FFFFFFFFFFFFFFFFFFFFFFFFF
DDDDDDDDDDDDDRRRRRRRRRRRR
DDDDDDDDDDDDDRRRRRRRRRRRR
JJJJJJJJJJJJJJIAAAAAAAAAA
XXXXXXXXXXXZNWQQQQQQQQQQQ
UUUUUUUUUOOVVVVVVVVVVVVVV
CCCCCCCCCCCCCYPPMMMMMMMMM
SSSSSSSSSSSBTLLHHHHHHHHHH
GGGGGGGGGGGGGGGGGGGGGGGGG
KKKKKKKKKKKKEEEEEEEEEEEEE
KKKKKKKKKKKKEEEEEEEEEEEEE
KKKKKKKKKKKKEEEEEEEEEEEEE
KKKKKKKKKKKKEEEEEEEEEEEEE
KKKKKKKKKKKKEEEEEEEEEEEEE
KKKKKKKKKKKKEEEEEEEEEEEEE
KKKKKKKKKKKKEEEEEEEEEEEEE
KKKKKKKKKKKKEEEEEEEEEEEEE
KKKKKKKKKKKKEEEEEEEEEEEEE
KKKKKKKKKKKKEEEEEEEEEEEEE
case #21:
KKKKKKKKKKKKKKKKKKKKKKKKJ
KKKKKKKKKKKKKKKKKKKKKKKKJ
KKKKKKKKKKKKKKKKKKKKKKKKJ
KKKKKKKKKKKKKKKKKKKKKKKKJ
KKKKKKKKKKKKKKKKKKKKKKKKJ
KKKKKKKKKKKKKKKKKKKKKKKKJ
KKKKKKKKKKKKKKKKKKKKKKKKJ
KKKKKKKKKKKKKKKKKKKKKKKKJ
KKKKKKKKKKKKKKKKKKKKKKKKJ
KKKKKKKKKKKKKKKKKKKKKKKKJ
KKKKKKKKKKKKKKKKKKKKKKKKJ
KKKKKKKKKKKKKKKKKKKKKKKKJ
KKKKKKKKKKKKKKKKKKKKKKKKJ
KKKKKKKKKKKKKKKKKKKKKKKKJ
KKKKKKKKKKKKKKKKKKKKKKKKJ
KKKKKKKKKKKKKKKKKKKKKKKKJ
KKKKKKKKKKKKKKKKKKKKKKKKJ
VVVVVVVVVVVVVVVVVVVVVVVVE
WWWWWWWWWWWWWWWWWWWWWWWWR
HHHHHHHHHHHHHHHHHHHHHLLLU
XXXXXXXXXXXXXXXXXXXXBBIIZ
AAAAAAAAAAAAAAAAAAAAAAAAO
YYYYYYYYYYYYYYYYYYYYYYYYY
NNNNNNNNNNNNNNNNNNQDCCGGF
SSSSSSSSSSSSSSSSSSSSSSPTM
case #22:
XXXXXXXXXXXXXXXXXXFFFFFFF
CCCCCCCCCCCCCCCCCCCCCCCCC
CCCCCCCCCCCCCCCCCCCCCCCCC
CCCCCCCCCCCCCCCCCCCCCCCCC
JJJJJJJHHHHHHHHHHHHHHHHHH
JJJJJJJHHHHHHHHHHHHHHHHHH
QQQQQQQQQQQQQQQQQQQQQQQQQ
DDDDDDDDDDDDDDDDDDDDDDDDD
YYYYYYYYYYYYYYYYYYYYYYYYY
NNNNNNNNNNVVIIIIIIIIIIIII
GGGGGGGGGGGGGGGGAAAAAAAAA
SSSSSSSSSSSSSSSSSSSSSSSSS
SSSSSSSSSSSSSSSSSSSSSSSSS
BBBBBBBBBBBBBBBBBBBBBBBBB
ZZZZZZZZZZZZZZZZZZZZZZZZZ
ZZZZZZZZZZZZZZZZZZZZZZZZZ
EEEEEEEEEEEEEEEEEEEEEEEEE
MMMMMMMMLLLLLLLLLLLLLLLLL
UUUUUUOOOOOOOOOOOOOOOOOOO
KKKKKKKKKKKKKKKKKKKKKKKKK
WWWWWWWWWWWWWWWWWWWWWWWWW
PPPPPPPPPPPPPPPPPPPPPPPPP
PPPPPPPPPPPPPPPPPPPPPPPPP
PPPPPPPPPPPPPPPPPPPPPPPPP
TTTTTTTTTTTTTTTTTTTRRRRRR
case #23:
IIIIIIIIIIIIIIIIIIIIIOOOO
IIIIIIIIIIIIIIIIIIIIIOOOO
IIIIIIIIIIIIIIIIIIIIIOOOO
IIIIIIIIIIIIIIIIIIIIIOOOO
IIIIIIIIIIIIIIIIIIIIIOOOO
IIIIIIIIIIIIIIIIIIIIIOOOO
IIIIIIIIIIIIIIIIIIIIIOOOO
IIIIIIIIIIIIIIIIIIIIIOOOO
IIIIIIIIIIIIIIIIIIIIIOOOO
IIIIIIIIIIIIIIIIIIIIIOOOO
IIIIIIIIIIIIIIIIIIIIIOOOO
IIIIIIIIIIIIIIIIIIIIIOOOO
IIIIIIIIIIIIIIIIIIIIIOOOO
IIIIIIIIIIIIIIIIIIIIIOOOO
UUUUUUUUUUUUUUUUUUUUUMMMM
RRRRRRRRRRRRRRRRRRRRRRRRR
BBBBBBBBBBBBBBBBBBBBKHJJJ
NNNNNNNNNNNNNNNNNNNNZZZTT
NNNNNNNNNNNNNNNNNNNNZZZTT
QQQQQQQQQQQQQQQQQQQQQQQQQ
GGGGGGGGGGGGGGGGGGEAFWWWW
PPPPPPPPPPPPPPPPPPPPPPPPP
XXXXXXXXXXXXXXXXXXXXXXXXD
VVVVVVVVVVVVSSSSSSSSSSSSS
CCCCCCCCCCCCCCCCCYYLLLLLL
case #24:
ABCDEFGHIJKLMNOPQRSTUVWXY
ABCDEFGHIJKLMNOPQRSTUVWXY
ABCDEFGHIJKLMNOPQRSTUVWXY
ABCDEFGHIJKLMNOPQRSTUVWXY
ABCDEFGHIJKLMNOPQRSTUVWXY
ABCDEFGHIJKLMNOPQRSTUVWXY
ABCDEFGHIJKLMNOPQRSTUVWXY
ABCDEFGHIJKLMNOPQRSTUVWXY
ABCDEFGHIJKLMNOPQRSTUVWXY
ABCDEFGHIJKLMNOPQRSTUVWXY
ABCDEFGHIJKLMNOPQRSTUVWXY
ABCDEFGHIJKLMNOPQRSTUVWXY
ABCDEFGHIJKLMNOPQRSTUVWXY
ABCDEFGHIJKLMNOPQRSTUVWXY
ABCDEFGHIJKLMNOPQRSTUVWXY
ABCDEFGHIJKLMNOPQRSTUVWXY
ABCDEFGHIJKLMNOPQRSTUVWXY
ABCDEFGHIJKLMNOPQRSTUVWXY
ABCDEFGHIJKLMNOPQRSTUVWXY
ABCDEFGHIJKLMNOPQRSTUVWXY
ABCDEFGHIJKLMNOPQRSTUVWXY
ABCDEFGHIJKLMNOPQRSTUVWXY
ABCDEFGHIJKLMNOPQRSTUVWXY
ABCDEFGHIJKLMNOPQRSTUVWXY
ABCDEFGHIJKLMNOPQRSTUVWXY
case #25:
IIIIIIIIIIIIIIIIIIIIIIIII
IIIIIIIIIIIIIIIIIIIIIIIII
UUUUUUUUUUUUUUUUUUUUUUUUU
UUUUUUUUUUUUUUUUUUUUUUUUU
UUUUUUUUUUUUUUUUUUUUUUUUU
YYYYYYYYYYYYYLLLLLLLLLLLL
EEEEEEEEEEEEEEEEEEEEERRRR
MMMMMMMMMMMMMMMMMMMMMMMMM
CCCCNNNNNNNNNNNNNNNNNNNNN
CCCCNNNNNNNNNNNNNNNNNNNNN
TTTTTTTTDDDDXXXXXXXXXXXBB
GGGGGGGGGGGGGGGGGGGGGGGGG
PPPPPPQQQQQQQQQQQQQQQQQQQ
FFFFFFFFFFFFFFFFFFFFFFFFF
FFFFFFFFFFFFFFFFFFFFFFFFF
SSSSSSSSSSSSSSSSSSSSSSSSS
SSSSSSSSSSSSSSSSSSSSSSSSS
OOOOOOOOOOOOOOOOOOOOOOOOO
AAAAAAAAAAAAAAAAAAAAAAAAA
AAAAAAAAAAAAAAAAAAAAAAAAA
HHHHHHHHHHHHHHHHHHHHHKKKK
WWWWWWWWWWWWWWWWWWWWWWWWW
JJJJJJJJJJJJJJJJJJJJJJJJJ
VVVVVVVVVVVVVVVVVVVVVVVVV
case #26:
AB
case #27:
MLLLL
MLLLL
KIAAA
GCHJJ
BNOOO
EFFFF
DDDDD
case #28:
ABCDEFGHIJKLMNOPQRSTUVWXY
ABCDEFGHIJKLMNOPQRSTUVWXY
ABCDEFGHIJKLMNOPQRSTUVWXY
ABCDEFGHIJKLMNOPQRSTUVWXY
ABCDEFGHIJKLMNOPQRSTUVWXY
ABCDEFGHIJKLMNOPQRSTUVWXY
ABCDEFGHIJKLMNOPQRSTUVWXY
ABCDEFGHIJKLMNOPQRSTUVWXY
ABCDEFGHIJKLMNOPQRSTUVWXY
ABCDEFGHIJKLMNOPQRSTUVWXY
ABCDEFGHIJKLMNOPQRSTUVWXY
ABCDEFGHIJKLMNOPQRSTUVWXY
ABCDEFGHIJKLMNOPQRSTUVWXY
ABCDEFGHIJKLMNOPQRSTUVWXY
ABCDEFGHIJKLMNOPQRSTUVWXY
ABCDEFGHIJKLMNOPQRSTUVWXY
ABCDEFGHIJKLMNOPQRSTUVWXY
ABCDEFGHIJKLMNOPQRSTUVWXY
ABCDEFGHIJKLMNOPQRSTUVWXY
ABCDEFGHIJKLMNOPQRSTUVWXY
ABCDEFGHIJKLMNOPQRSTUVWXY
ABCDEFGHIJKLMNOPQRSTUVWXY
ABCDEFGHIJKLMNOPQRSTUVWXY
ABCDEFGHIJKLMNOPQRSTUVWXY
ABCDEFGHIJKLMNOPQRSTUVWXY
case #29:
AAAAABBBBBBBBBBBBBBBBBBBB
AAAAABBBBBBBBBBBBBBBBBBBB
AAAAABBBBBBBBBBBBBBBBBBBB
AAAAABBBBBBBBBBBBBBBBBBBB
AAAAABBBBBBBBBBBBBBBBBBBB
CCCCCCCCCCCCCCCCCCCCCCCCC
DDDDDDDDDDDDDDDDDDDDDDDDD
EEEEEEEEEEEEEEEEEEEEEEEEE
EEEEEEEEEEEEEEEEEEEEEEEEE
EEEEEEEEEEEEEEEEEEEEEEEEE
EEEEEEEEEEEEEEEEEEEEEEEEE
EEEEEEEEEEEEEEEEEEEEEEEEE
EEEEEEEEEEEEEEEEEEEEEEEEE
EEEEEEEEEEEEEEEEEEEEEEEEE
EEEEEEEEEEEEEEEEEEEEEEEEE
EEEEEEEEEEEEEEEEEEEEEEEEE
FFFFFFFFFFFFFFFFFFHHHHHHH
JJJJJJJJJJJJJJJJJJJJJJJJJ
JJJJJJJJJJJJJJJJJJJJJJJJJ
JJJJJJJJJJJJJJJJJJJJJJJJJ
JJJJJJJJJJJJJJJJJJJJJJJJJ
GGGGGGGGGGGGGGGGGGGIIIIII
GGGGGGGGGGGGGGGGGGGIIIIII
GGGGGGGGGGGGGGGGGGGIIIIII
GGGGGGGGGGGGGGGGGGGIIIIII
case #30:
TTTTTTTTTTTTTTTTPPPMBRRRR
TTTTTTTTTTTTTTTTPPPMBRRRR
TTTTTTTTTTTTTTTTPPPMBRRRR
TTTTTTTTTTTTTTTTPPPMBRRRR
TTTTTTTTTTTTTTTTPPPMBRRRR
TTTTTTTTTTTTTTTTPPPMBRRRR
TTTTTTTTTTTTTTTTPPPMBRRRR
TTTTTTTTTTTTTTTTPPPMBRRRR
TTTTTTTTTTTTTTTTPPPMBRRRR
TTTTTTTTTTTTTTTTPPPMBRRRR
TTTTTTTTTTTTTTTTPPPMBRRRR
TTTTTTTTTTTTTTTTPPPMBRRRR
TTTTTTTTTTTTTTTTPPPMBRRRR
TTTTTTTTTTTTTTTTPPPMBRRRR
TTTTTTTTTTTTTTTTPPPMBRRRR
TTTTTTTTTTTTTTTTPPPMBRRRR
WWWWWWWWWWWWWWWWWNVZZZYYY
JJJJJJJJJJJJJJJJJHHCCUUUU
EEEEEEEEEEEEEEEEEEELLKXXX
QQQQQQQQQQQQQQQQAAAAGGGGG
SSSSSSSSSSSSSSSSSIFOOOOOO
DDDDDDDDDDDDDDDDDDDDDDDDD
DDDDDDDDDDDDDDDDDDDDDDDDD
DDDDDDDDDDDDDDDDDDDDDDDDD
DDDDDDDDDDDDDDDDDDDDDDDDD
case #31:
CB
AA
case #32:
AAAAAAAAAAAAAAAAAAAAAAAAA
BBBBBBBBBBBBBBBBBBBBBBBBB
CCCCCCCCCCCCCCCCCCCCCCCCC
DDDDDDDDDDDDDDDDDDDDDDDDD
EEEEEEEEEEEEEEEEEEEEEEEEE
FFFFFFFFFFFFFFFFFFFFFFFFF
GGGGGGGGGGGGGGGGGGGGGGGGG
HHHHHHHHHHHHHHHHHHHHHHHHH
IIIIIIIIIIIIIIIIIIIIIIIII
JJJJJJJJJJJJJJJJJJJJJJJJJ
KKKKKKKKKKKKKKKKKKKKKKKKK
LLLLLLLLLLLLLLLLLLLLLLLLL
MMMMMMMMMMMMMMMMMMMMMMMMM
NNNNNNNNNNNNNNNNNNNNNNNNN
OOOOOOOOOOOOOOOOOOOOOOOOO
PPPPPPPPPPPPPPPPPPPPPPPPP
QQQQQQQQQQQQQQQQQQQQQQQQQ
RRRRRRRRRRRRRRRRRRRRRRRRR
SSSSSSSSSSSSSSSSSSSSSSSSS
TTTTTTTTTTTTTTTTTTTTTTTTT
UUUUUUUUUUUUUUUUUUUUUUUUU
VVVVVVVVVVVVVVVVVVVVVVVVV
WWWWWWWWWWWWWWWWWWWWWWWWW
XXXXXXXXXXXXXXXXXXXXXXXXX
YYYYYYYYYYYYYYYYYYYYYYYYY
case #33:
FFFFFFFFFFFFFFFFFFFFFFFFF
FFFFFFFFFFFFFFFFFFFFFFFFF
FFFFFFFFFFFFFFFFFFFFFFFFF
VVVOOOOOOOOOOOOOOOOOOOOOO
VVVOOOOOOOOOOOOOOOOOOOOOO
CCCCCCCCCCCCCCCCCCCCCCCCC
GGGGGGGGGGGGGGGGGGGGGSSSS
GGGGGGGGGGGGGGGGGGGGGSSSS
NNNNNNNNNNNNNNNNNNNNNNNNN
DDDDDDDDDDDDDDDDDQQQQQQQQ
YYYYYYYYYYYYYYYYYYMMMMMMM
YYYYYYYYYYYYYYYYYYMMMMMMM
AAAAAAAAAAAAAAAAAAAAAAAAA
WWWWWWWWWWWWWWWWXXXXXXXXX
WWWWWWWWWWWWWWWWXXXXXXXXX
HHHHHHHHHHHHHHHHHHHHHHHHH
HHHHHHHHHHHHHHHHHHHHHHHHH
BBBBBBBBBBBBBBBBBBBBBBBBB
JJJJJJJJJJJJJJJJJJJJJJJJJ
TTTTTTTTZZZZZZZEEEEEEEEEE
LLLLLLLLLLLLLLLLLLLLLLLLL
PPPPPPPPPPPPPPPPPPPPPPPPP
PPPPPPPPPPPPPPPPPPPPPPPPP
UUUUUUUUUUUUUUUUUUUUUUUUU
RRRRRRRRRRRKKKIIIIIIIIIII
case #34:
AAAAAAAAAAABBBBBBBBBBBBBB
AAAAAAAAAAABBBBBBBBBBBBBB
AAAAAAAAAAABBBBBBBBBBBBBB
AAAAAAAAAAABBBBBBBBBBBBBB
AAAAAAAAAAABBBBBBBBBBBBBB
AAAAAAAAAAABBBBBBBBBBBBBB
AAAAAAAAAAABBBBBBBBBBBBBB
AAAAAAAAAAABBBBBBBBBBBBBB
AAAAAAAAAAABBBBBBBBBBBBBB
AAAAAAAAAAABBBBBBBBBBBBBB
AAAAAAAAAAABBBBBBBBBBBBBB
AAAAAAAAAAABBBBBBBBBBBBBB
AAAAAAAAAAABBBBBBBBBBBBBB
AAAAAAAAAAABBBBBBBBBBBBBB
AAAAAAAAAAABBBBBBBBBBBBBB
AAAAAAAAAAABBBBBBBBBBBBBB
AAAAAAAAAAABBBBBBBBBBBBBB
AAAAAAAAAAABBBBBBBBBBBBBB
CCCCCCCCCCCCCCCCCCCCCCCCC
DDDDDDDDDDDDDDDDDDDDDDDDD
EEEEEEEEEEEEEEEEEEEEEEEEE
EEEEEEEEEEEEEEEEEEEEEEEEE
EEEEEEEEEEEEEEEEEEEEEEEEE
EEEEEEEEEEEEEEEEEEEEEEEEE
EEEEEEEEEEEEEEEEEEEEEEEEE
case #35:
AAAAAAAAAAAAAAAAAAAAAAAAA
BBBBBBBBBBBBBBBBBBBBBBBBB
CCCCCCCCCCCCCCCCCCCCCCCCC
DDDDDDDDDDDDDDDDDDDDDDDDD
EEEEEEEEEEEEEEEEEEEEEEEEE
FFFFFFFFFFFFFFFFFFFFFFFFF
GGGGGGGGGGGGGGGGGGGGGGGGG
HHHHHHHHHHHHHHHHHHHHHHHHH
IIIIIIIIIIIIIIIIIIIIIIIII
JJJJJJJJJJJJJJJJJJJJJJJJJ
KKKKKKKKKKKKKKKKKKKKKKKKK
LLLLLLLLLLLLLLLLLLLLLLLLL
MMMMMMMMMMMMMMMMMMMMMMMMM
NNNNNNNNNNNNNNNNNNNNNNNNN
OOOOOOOOOOOOOOOOOOOOOOOOO
PPPPPPPPPPPPPPPPPPPPPPPPP
QQQQQQQQQQQQQQQQQQQQQQQQQ
RRRRRRRRRRRRRRRRRRRRRRRRR
SSSSSSSSSSSSSSSSSSSSSSSSS
TTTTTTTTTTTTTTTTTTTTTTTTT
UUUUUUUUUUUUUUUUUUUUUUUUU
VVVVVVVVVVVVVVVVVVVVVVVVV
WWWWWWWWWWWWWWWWWWWWWWWWW
XXXXXXXXXXXXXXXXXXXXXXXXX
YYYYYYYYYYYYYYYYYYYYYYYYY
case #36:
AA
AA
case #37:
AAAAAAAAAAAAABBBBBBBBBBBB
AAAAAAAAAAAAABBBBBBBBBBBB
AAAAAAAAAAAAABBBBBBBBBBBB
AAAAAAAAAAAAABBBBBBBBBBBB
AAAAAAAAAAAAABBBBBBBBBBBB
AAAAAAAAAAAAABBBBBBBBBBBB
AAAAAAAAAAAAABBBBBBBBBBBB
AAAAAAAAAAAAABBBBBBBBBBBB
AAAAAAAAAAAAABBBBBBBBBBBB
AAAAAAAAAAAAABBBBBBBBBBBB
AAAAAAAAAAAAABBBBBBBBBBBB
AAAAAAAAAAAAABBBBBBBBBBBB
AAAAAAAAAAAAABBBBBBBBBBBB
AAAAAAAAAAAAABBBBBBBBBBBB
AAAAAAAAAAAAABBBBBBBBBBBB
CCCCCCCCCCCCCCCCCCCCCCCCC
DDDDDDDDDDDDDDDDDDDDDDDDD
EEEEEEEEEEEEEEEEEEEEEEEEE
EEEEEEEEEEEEEEEEEEEEEEEEE
EEEEEEEEEEEEEEEEEEEEEEEEE
EEEEEEEEEEEEEEEEEEEEEEEEE
EEEEEEEEEEEEEEEEEEEEEEEEE
EEEEEEEEEEEEEEEEEEEEEEEEE
EEEEEEEEEEEEEEEEEEEEEEEEE
EEEEEEEEEEEEEEEEEEEEEEEEE
case #38:
GGSSCIEEEEEFFZBBBBXAYYNNT
JJJMMMKVVRLLWPDQQQHOOOOOU
case #39:
AAACCCCCCCCCCCCCCCCCCCCCC
AAACCCCCCCCCCCCCCCCCCCCCC
AAACCCCCCCCCCCCCCCCCCCCCC
EEEEEEEEEEEEEEEEEEEEEEEEE
EEEEEEEEEEEEEEEEEEEEEEEEE
EEEEEEEEEEEEEEEEEEEEEEEEE
EEEEEEEEEEEEEEEEEEEEEEEEE
BBBBDDDDDDDDDDDDDDDDDDDDD
BBBBDDDDDDDDDDDDDDDDDDDDD
BBBBDDDDDDDDDDDDDDDDDDDDD
BBBBDDDDDDDDDDDDDDDDDDDDD
BBBBDDDDDDDDDDDDDDDDDDDDD
BBBBDDDDDDDDDDDDDDDDDDDDD
BBBBDDDDDDDDDDDDDDDDDDDDD
BBBBDDDDDDDDDDDDDDDDDDDDD
BBBBDDDDDDDDDDDDDDDDDDDDD
BBBBDDDDDDDDDDDDDDDDDDDDD
BBBBDDDDDDDDDDDDDDDDDDDDD
BBBBDDDDDDDDDDDDDDDDDDDDD
FFFFFFFFFFFFFFFFFFFFFGGGG
HHHHHHHHHHHHHHHHHHHHHHHHH
IIIIIIIIIIIIIIIIIIIIIIIII
JJJJJJJJJJJJJJJJJJJJJJJJJ
JJJJJJJJJJJJJJJJJJJJJJJJJ
JJJJJJJJJJJJJJJJJJJJJJJJJ
case #40:
YYYYYYYYYYYYYYYYYYYYYYYYY
YYYYYYYYYYYYYYYYYYYYYYYYY
YYYYYYYYYYYYYYYYYYYYYYYYY
YYYYYYYYYYYYYYYYYYYYYYYYY
YYYYYYYYYYYYYYYYYYYYYYYYY
YYYYYYYYYYYYYYYYYYYYYYYYY
YYYYYYYYYYYYYYYYYYYYYYYYY
YYYYYYYYYYYYYYYYYYYYYYYYY
YYYYYYYYYYYYYYYYYYYYYYYYY
YYYYYYYYYYYYYYYYYYYYYYYYY
YYYYYYYYYYYYYYYYYYYYYYYYY
YYYYYYYYYYYYYYYYYYYYYYYYY
YYYYYYYYYYYYYYYYYYYYYYYYY
YYYYYYYYYYYYYYYYYYYYYYYYY
LLLLEEEEEEEEEEEEEEEEEEEEE
HHHHHPPPRRRRRRRRRRRRRRRRR
OOOOOOVVVVVVVVVVVVVVVVVVV
ZZZZZZZIIIIIIIIIIIIIIIIII
AAAAAAAAABBBWWWWWWWWWWWWW
FFFFFFFFFKJJJJJJJJJJJJJJJ
SSSSSCCCCCDDDDDDDDDDDDDDD
GGGGGGGGNNNNNNNNNNNNNNNNN
MMMMMMMMMMMMMMMMMMMMMMMMM
TTTTTTTTUUXXXXXXXXXXXXXXX
QQQQQQQQQQQQQQQQQQQQQQQQQ
case #41:
CCCYYYYYYYYYYYYYYYYYYYYYY
CCCYYYYYYYYYYYYYYYYYYYYYY
CCCYYYYYYYYYYYYYYYYYYYYYY
CCCYYYYYYYYYYYYYYYYYYYYYY
RRRRRHHHHHHHHHHHHHHHHHHHH
EETTTTTTTTTTTTTTTTTTTTTTT
BBBBXXXXXXXXXXXXXXXXXXXXX
ZZNWWWWWLLLLLLLLLLLLLLLLL
PPPPPPPSSMMMMMMMMMMMMMMMM
PPPPPPPSSMMMMMMMMMMMMMMMM
DDDDDDDDDDDDDDDDDDDDDDDDD
KKKKKKKKKKIIIIIIIIIIIIIII
QQQQQQQQQOOOOOOOOOOOOOOOO
FFFFFFFFJJJJJJJJJJJJJJJJJ
GGGGGGUUUUUUUUUUUUUUUUUUU
AAAAAAAAAAAAAAAAAAAAAAAAA
AAAAAAAAAAAAAAAAAAAAAAAAA
AAAAAAAAAAAAAAAAAAAAAAAAA
VVVVVVVVVVVVVVVVVVVVVVVVV
VVVVVVVVVVVVVVVVVVVVVVVVV
VVVVVVVVVVVVVVVVVVVVVVVVV
VVVVVVVVVVVVVVVVVVVVVVVVV
VVVVVVVVVVVVVVVVVVVVVVVVV
VVVVVVVVVVVVVVVVVVVVVVVVV
VVVVVVVVVVVVVVVVVVVVVVVVV
case #42:
AAAAAAAAAAAAAAAAAAAAAAAAA
AAAAAAAAAAAAAAAAAAAAAAAAA
AAAAAAAAAAAAAAAAAAAAAAAAA
AAAAAAAAAAAAAAAAAAAAAAAAA
AAAAAAAAAAAAAAAAAAAAAAAAA
AAAAAAAAAAAAAAAAAAAAAAAAA
AAAAAAAAAAAAAAAAAAAAAAAAA
AAAAAAAAAAAAAAAAAAAAAAAAA
AAAAAAAAAAAAAAAAAAAAAAAAA
AAAAAAAAAAAAAAAAAAAAAAAAA
AAAAAAAAAAAAAAAAAAAAAAAAA
AAAAAAAAAAAAAAAAAAAAAAAAA
AAAAAAAAAAAAAAAAAAAAAAAAA
AAAAAAAAAAAAAAAAAAAAAAAAA
AAAAAAAAAAAAAAAAAAAAAAAAA
AAAAAAAAAAAAAAAAAAAAAAAAA
AAAAAAAAAAAAAAAAAAAAAAAAA
AAAAAAAAAAAAAAAAAAAAAAAAA
AAAAAAAAAAAAAAAAAAAAAAAAA
AAAAAAAAAAAAAAAAAAAAAAAAA
AAAAAAAAAAAAAAAAAAAAAAAAA
AAAAAAAAAAAAAAAAAAAAAAAAA
AAAAAAAAAAAAAAAAAAAAAAAAA
AAAAAAAAAAAAAAAAAAAAAAAAA
AAAAAAAAAAAAAAAAAAAAAAAAA
case #43:
CCCCC
CCCCC
AAAAA
BBBBB
BBBBB
case #44:
AAAAAAAAAAAAAAAAAAAAAAAAA
AAAAAAAAAAAAAAAAAAAAAAAAA
AAAAAAAAAAAAAAAAAAAAAAAAA
AAAAAAAAAAAAAAAAAAAAAAAAA
AAAAAAAAAAAAAAAAAAAAAAAAA
AAAAAAAAAAAAAAAAAAAAAAAAA
AAAAAAAAAAAAAAAAAAAAAAAAA
AAAAAAAAAAAAAAAAAAAAAAAAA
AAAAAAAAAAAAAAAAAAAAAAAAA
AAAAAAAAAAAAAAAAAAAAAAAAA
JJUUUUUUUUUUUUUUUUUUUUUUU
TTTTTTTTTTTTTTTTTTTTTTTTT
CCEFFFFFFFFFFFFFFFFFFFFFF
QQQGGGGGGGGGGGGGGGGGGGGGG
LLLZZPPPPPPPPPPPPPPPPPPPP
DDNBMYRRRRRRRRRRRRRRRRRRR
IIIIXXXXXXXXXXXXXXXXXXXXX
KKKVVVVVVVVVVVVVVVVVVVVVV
SOWHHHHHHHHHHHHHHHHHHHHHH
SOWHHHHHHHHHHHHHHHHHHHHHH
SOWHHHHHHHHHHHHHHHHHHHHHH
SOWHHHHHHHHHHHHHHHHHHHHHH
SOWHHHHHHHHHHHHHHHHHHHHHH
SOWHHHHHHHHHHHHHHHHHHHHHH
SOWHHHHHHHHHHHHHHHHHHHHHH
case #45:
ACCCCCCCCCCCCCCCCCCCCCCCC
ACCCCCCCCCCCCCCCCCCCCCCCC
ACCCCCCCCCCCCCCCCCCCCCCCC
ACCCCCCCCCCCCCCCCCCCCCCCC
ACCCCCCCCCCCCCCCCCCCCCCCC
EEEEEEEEEEEEEEEEEEEEEEEEE
EEEEEEEEEEEEEEEEEEEEEEEEE
EEEEEEEEEEEEEEEEEEEEEEEEE
EEEEEEEEEEEEEEEEEEEEEEEEE
BBDDDDDDDDDDDDDDDDDDDDDDD
BBDDDDDDDDDDDDDDDDDDDDDDD
BBDDDDDDDDDDDDDDDDDDDDDDD
BBDDDDDDDDDDDDDDDDDDDDDDD
BBDDDDDDDDDDDDDDDDDDDDDDD
BBDDDDDDDDDDDDDDDDDDDDDDD
BBDDDDDDDDDDDDDDDDDDDDDDD
BBDDDDDDDDDDDDDDDDDDDDDDD
BBDDDDDDDDDDDDDDDDDDDDDDD
BBDDDDDDDDDDDDDDDDDDDDDDD
BBDDDDDDDDDDDDDDDDDDDDDDD
BBDDDDDDDDDDDDDDDDDDDDDDD
BBDDDDDDDDDDDDDDDDDDDDDDD
BBDDDDDDDDDDDDDDDDDDDDDDD
BBDDDDDDDDDDDDDDDDDDDDDDD
BBDDDDDDDDDDDDDDDDDDDDDDD
case #46:
EEEEEEEEEEEEEEEEEEEBBBBBB
EEEEEEEEEEEEEEEEEEEBBBBBB
EEEEEEEEEEEEEEEEEEEBBBBBB
EEEEEEEEEEEEEEEEEEEBBBBBB
EEEEEEEEEEEEEEEEEEEBBBBBB
LLLLLLLLLLLLLLLLLLLLLLLLL
FFFFFFFFFFFFFFFFFFFFFFFFF
DDDDDDDDDDDDDDDDDDDDDDDDD
MMMMMMMMMMMMMMMMMMMMMMMMM
GGGGGGGGGGGGGGGGGGGGGGGGG
HHHHHHHHHHHHHHHHHHHHHHHHH
VVVVVVVVVVVVTTTTTTTTTTTTT
SSSSSSSSSSSSSSSSSSSSSSSSS
KKKKKKKKKKKKKKKKKKKKKKKKK
OOOOOOOOOOOOOOOOOOOOOOOOO
UUUUUUUUUUCCCCCCCCCCCCCCC
ZZZZZZZZZZZZZZNNNNNNNNNNN
AAAAAAAAAAAAAAAAAAAAAAAAA
IIIIIIIIIIIIIIIIIIIWWWRRR
QQQQQQQQQQQQQQQQQQQQQQQQQ
XXXXXXXXXXXXXXXXXXXXXXXXX
PPPPPPPPPPPPPPPPPPPPPPPPP
YYYYYYYYYYYYYYYYYYYYYYYYY
YYYYYYYYYYYYYYYYYYYYYYYYY
JJJJJJJJJJJJJJJJJJJJJJJJJ
case #47:
ZZZZZZZZZZZZZZZZZZZZZZZZZ
ZZZZZZZZZZZZZZZZZZZZZZZZZ
ZZZZZZZZZZZZZZZZZZZZZZZZZ
NNNNNNNNNNNNNVVVVVVVVVVVV
XXXXXXXXXXXXXXXXXXXXDTTTT
XXXXXXXXXXXXXXXXXXXXDTTTT
HHHHHHHHHHHHHHHHHHHHHHHHH
HHHHHHHHHHHHHHHHHHHHHHHHH
IIIIIIIIIIIIIIIIIIIIIIIII
LLLLLLLLLLLLLLLLLLLLLLLLL
YYYYYYYYYYYYYYYYYYYYYYYYY
YYYYYYYYYYYYYYYYYYYYYYYYY
YYYYYYYYYYYYYYYYYYYYYYYYY
UUUUUUUUUUUUUUUFFFFFFFFFF
OOOOOOOOOOOOOOOPPMMMJJJGG
KKKKKKKKKKKKKKKKKKKKKKAAA
CCCCCCCCCCCCCCCCCCCCCCCCC
BBBBBBBBBBBBBBBBBBBBBBBBB
BBBBBBBBBBBBBBBBBBBBBBBBB
SSSSSSSSSSSSSSSSSSSSSSWWW
SSSSSSSSSSSSSSSSSSSSSSWWW
SSSSSSSSSSSSSSSSSSSSSSWWW
RRRRRRRRRRRRRRRRRRRRRRRRR
QQQQQQQQQQQQQQQQQQQQQQQQQ
EEEEEEEEEEEEEEEEEEEEEEEEE
case #48:
BBBB
BBBB
BBBB
AAAA
case #49:
HHHHHHHHHHHHHHHHHHHHHHHHH
HHHHHHHHHHHHHHHHHHHHHHHHH
WWWWWWWWWWWWWWWWWWWWWWWWW
EEEEEEEEEEEEEEEEEEEEEEEEE
EEEEEEEEEEEEEEEEEEEEEEEEE
YYYYYYYYYVVVVVVVVVVVVVVVV
JJJJJJJJJJJJJJJJJJJJJJJJJ
SSSSSSSSSSSSSSSSSSSSSSSSS
MMLLLLLLLLLLLLLLLLLLLRKKK
XXXXXXXXXXXXXXXXXXXXXXXXX
XXXXXXXXXXXXXXXXXXXXXXXXX
TTTTTTTTTTTTTTTTTTTTTTTTT
TTTTTTTTTTTTTTTTTTTTTTTTT
GGGGGGGGGGGGGGGGGGGGOOOOO
GGGGGGGGGGGGGGGGGGGGOOOOO
FFFFFFFFFFFFFFFFFFFFFFFFF
QQQQQQQQQQQQQQQQQQQQQQQQQ
IIIIIIIIIIIIIIIIIIIIIIIII
IIIIIIIIIIIIIIIIIIIIIIIII
IIIIIIIIIIIIIIIIIIIIIIIII
IIIIIIIIIIIIIIIIIIIIIIIII
CCCCCCCCCCCCDDDDDDDDDDDDD
CCCCCCCCCCCCDDDDDDDDDDDDD
BBBBBBBBZZNPPPPPPPPAAAAAA
UUUUUUUUUUUUUUUUUUUUUUUUU
case #50:
RRRRRRRRRRRRRRRRRRRRRRRRR
RRRRRRRRRRRRRRRRRRRRRRRRR
RRRRRRRRRRRRRRRRRRRRRRRRR
RRRRRRRRRRRRRRRRRRRRRRRRR
RRRRRRRRRRRRRRRRRRRRRRRRR
RRRRRRRRRRRRRRRRRRRRRRRRR
RRRRRRRRRRRRRRRRRRRRRRRRR
RRRRRRRRRRRRRRRRRRRRRRRRR
RRRRRRRRRRRRRRRRRRRRRRRRR
RRRRRRRRRRRRRRRRRRRRRRRRR
RRRRRRRRRRRRRRRRRRRRRRRRR
RRRRRRRRRRRRRRRRRRRRRRRRR
VVVVVVVVVVVVVVVVVVVVVVVVV
VVVVVVVVVVVVVVVVVVVVVVVVV
XXXXXXXXXXXXXXXXXXXXXXXXX
SSSSSSSSSSSSSSSSSSSSSSSSS
AAAAKKKKKKKKKKKKKKKKKKKKK
LLLPMMMYYYYYYYYYYYYYYYYYY
JJJJJJJJJJJJJJJJJJJJJJJJJ
DDDDDZFFFFFFFFFFFFFFFFFFF
IIIIIIIIIIIIIIIIIIIIIIIII
IIIIIIIIIIIIIIIIIIIIIIIII
BBBBTTTTNEEEEEEEEEEEEEEEE
UUWWCCQQQQQQQQQQQQQQQQQQQ
GGGGOOOOOHHHHHHHHHHHHHHHH
case #51:
JGBKEDDIICFLLHHMMMMAAAAAA
case #52:
AAAAAAAAAAAAAAAAAAAAAAAAA
BBBBBBBBBBBBBBBBBBBBBBBBB
CCCCCCCCCCCCCCCCCCCCCCCCC
DDDDDDDDDDDDDDDDDDDDDDDDD
EEEEEEEEEEEEEEEEEEEEEEEEE
FFFFFFFFFFFFFFFFFFFFFFFFF
GGGGGGGGGGGGGGGGGGGGGGGGG
HHHHHHHHHHHHHHHHHHHHHHHHH
IIIIIIIIIIIIIIIIIIIIIIIII
JJJJJJJJJJJJJJJJJJJJJJJJJ
KKKKKKKKKKKKKKKKKKKKKKKKK
LLLLLLLLLLLLLLLLLLLLLLLLL
MMMMMMMMMMMMMMMMMMMMMMMMM
NNNNNNNNNNNNNNNNNNNNNNNNN
OOOOOOOOOOOOOOOOOOOOOOOOO
PPPPPPPPPPPPPPPPPPPPPPPPP
QQQQQQQQQQQQQQQQQQQQQQQQQ
RRRRRRRRRRRRRRRRRRRRRRRRR
SSSSSSSSSSSSSSSSSSSSSSSSS
TTTTTTTTTTTTTTTTTTTTTTTTT
UUUUUUUUUUUUUUUUUUUUUUUUU
VVVVVVVVVVVVVVVVVVVVVVVVV
WWWWWWWWWWWWWWWWWWWWWWWWW
XXXXXXXXXXXXXXXXXXXXXXXXX
YYYYYYYYYYYYYYYYYYYYYYYYY
case #53:
KKKKKKKKKKKKKKKKKKKKKKKKK
KKKKKKKKKKKKKKKKKKKKKKKKK
KKKKKKKKKKKKKKKKKKKKKKKKK
KKKKKKKKKKKKKKKKKKKKKKKKK
KKKKKKKKKKKKKKKKKKKKKKKKK
KKKKKKKKKKKKKKKKKKKKKKKKK
KKKKKKKKKKKKKKKKKKKKKKKKK
KKKKKKKKKKKKKKKKKKKKKKKKK
KKKKKKKKKKKKKKKKKKKKKKKKK
KKKKKKKKKKKKKKKKKKKKKKKKK
KKKKKKKKKKKKKKKKKKKKKKKKK
KKKKKKKKKKKKKKKKKKKKKKKKK
KKKKKKKKKKKKKKKKKKKKKKKKK
GGGGGGGGGGGGGGGGGGGGGGGGG
OOOLLLLLLLLLLLLLLLLLLLLLL
OOOLLLLLLLLLLLLLLLLLLLLLL
HHHHHHHHHHWWWWWWWWWWWWWWW
QQQQQNNNNNNCCCCCCCCCCCCCC
SSSSSSSSIPFFFFFFFFFFFFFFF
AAAUUUUBBBBBBBBBBBBBBBBBB
VVXZZZZEEEEEEEEEEEEEEEEEE
MMMRRRRRRRRRRRRRRRRRRRRRR
YYYYYDDDDDDDDDDDDDDDDDDDD
JJJJJTTTTTTTTTTTTTTTTTTTT
JJJJJTTTTTTTTTTTTTTTTTTTT
case #54:
OOOOOOOOOOOOOOOOOOOOOOOOO
OOOOOOOOOOOOOOOOOOOOOOOOO
BBBBBBBBBBBBBBBBBBBBBBNNC
IIIIIRRRRRRRRRRRRRRRRRRRG
QQQQQQQQQQQQQQQQXXXXXXXXX
SSSSSSSSSSSSSHHHHHHHHHHHH
SSSSSSSSSSSSSHHHHHHHHHHHH
UUUUUUUUUUUUUUUUUUUUUUUUU
UUUUUUUUUUUUUUUUUUUUUUUUU
UUUUUUUUUUUUUUUUUUUUUUUUU
EEEEEEEEEEEEEEEEEEEEEEEEE
EEEEEEEEEEEEEEEEEEEEEEEEE
PPPPPPDDDDDDDDDDFFFFFFFFF
JJJJJJJJJJJJJJJJJJJJJJJJJ
JJJJJJJJJJJJJJJJJJJJJJJJJ
AAAAAAAAAAAAAAAAAAAAAAAAA
TTTTTTTTTTTTTTTTTTTTTTTTT
VVVVVVVVVVVVVVVVVVVVVVVVV
VVVVVVVVVVVVVVVVVVVVVVVVV
WWWWWWWWWWWWWWWWWWWWWWWWW
ZZZZZZZZZZZZZZZZZZZZZZZZZ
YYYYYYYYYYYYYYYYYYKKKKKKK
LLLLLLLLLLLLLLLLLLLLLLLLL
MMMMMMMMMMMMMMMMMMMMMMMMM
MMMMMMMMMMMMMMMMMMMMMMMMM
case #55:
AAAAAAAAAAAAAAAAAAAAAAAAB
AAAAAAAAAAAAAAAAAAAAAAAAB
AAAAAAAAAAAAAAAAAAAAAAAAB
AAAAAAAAAAAAAAAAAAAAAAAAB
AAAAAAAAAAAAAAAAAAAAAAAAB
AAAAAAAAAAAAAAAAAAAAAAAAB
AAAAAAAAAAAAAAAAAAAAAAAAB
AAAAAAAAAAAAAAAAAAAAAAAAB
AAAAAAAAAAAAAAAAAAAAAAAAB
AAAAAAAAAAAAAAAAAAAAAAAAB
CCCCCCCCCCCCCCCCCCCCCCCCC
DDDDDDDDDDDDDDDDDDDDDDDDD
EEEEEEEEEEEEEEEEEEEEEEEEE
EEEEEEEEEEEEEEEEEEEEEEEEE
EEEEEEEEEEEEEEEEEEEEEEEEE
EEEEEEEEEEEEEEEEEEEEEEEEE
EEEEEEEEEEEEEEEEEEEEEEEEE
EEEEEEEEEEEEEEEEEEEEEEEEE
EEEEEEEEEEEEEEEEEEEEEEEEE
EEEEEEEEEEEEEEEEEEEEEEEEE
EEEEEEEEEEEEEEEEEEEEEEEEE
EEEEEEEEEEEEEEEEEEEEEEEEE
EEEEEEEEEEEEEEEEEEEEEEEEE
EEEEEEEEEEEEEEEEEEEEEEEEE
EEEEEEEEEEEEEEEEEEEEEEEEE
case #56:
FFFFFFFFFFFFFFFFFFFFFFFFX
FFFFFFFFFFFFFFFFFFFFFFFFX
FFFFFFFFFFFFFFFFFFFFFFFFX
AAAAAAAAAAAAAAAAAAAAAAAAA
BBBBBBBBBBBBBBBBBBBBBBBTS
RRRRRRRRRRRRRRRRRRRRRVZQQ
NNNNNNNNNNNNNNNNNNNCCCCCC
MMMMMMMMMMMMMMMMMMMMMMMMO
YYYYYYYYYYYYYYYYYYYYKKEEP
WWWWWWWWWWWWWWWWWWWWWWJJJ
UUUUUUUUUUUUUUUUUUUUUUUUD
HHHHHHHHHHHHHHHHHHHHHHHHL
GGGGGGGGGGGGGGGGGGGGGGGGG
GGGGGGGGGGGGGGGGGGGGGGGGG
IIIIIIIIIIIIIIIIIIIIIIIII
IIIIIIIIIIIIIIIIIIIIIIIII
IIIIIIIIIIIIIIIIIIIIIIIII
IIIIIIIIIIIIIIIIIIIIIIIII
IIIIIIIIIIIIIIIIIIIIIIIII
IIIIIIIIIIIIIIIIIIIIIIIII
IIIIIIIIIIIIIIIIIIIIIIIII
IIIIIIIIIIIIIIIIIIIIIIIII
IIIIIIIIIIIIIIIIIIIIIIIII
IIIIIIIIIIIIIIIIIIIIIIIII
IIIIIIIIIIIIIIIIIIIIIIIII
case #57:
AAA
AAA
AAA
AAA
AAA
case #58:
ABCDEFGHIJKLMNOPQRSTUVWXY
ABCDEFGHIJKLMNOPQRSTUVWXY
ABCDEFGHIJKLMNOPQRSTUVWXY
ABCDEFGHIJKLMNOPQRSTUVWXY
ABCDEFGHIJKLMNOPQRSTUVWXY
ABCDEFGHIJKLMNOPQRSTUVWXY
ABCDEFGHIJKLMNOPQRSTUVWXY
ABCDEFGHIJKLMNOPQRSTUVWXY
ABCDEFGHIJKLMNOPQRSTUVWXY
ABCDEFGHIJKLMNOPQRSTUVWXY
ABCDEFGHIJKLMNOPQRSTUVWXY
ABCDEFGHIJKLMNOPQRSTUVWXY
ABCDEFGHIJKLMNOPQRSTUVWXY
ABCDEFGHIJKLMNOPQRSTUVWXY
ABCDEFGHIJKLMNOPQRSTUVWXY
ABCDEFGHIJKLMNOPQRSTUVWXY
ABCDEFGHIJKLMNOPQRSTUVWXY
ABCDEFGHIJKLMNOPQRSTUVWXY
ABCDEFGHIJKLMNOPQRSTUVWXY
ABCDEFGHIJKLMNOPQRSTUVWXY
ABCDEFGHIJKLMNOPQRSTUVWXY
ABCDEFGHIJKLMNOPQRSTUVWXY
ABCDEFGHIJKLMNOPQRSTUVWXY
ABCDEFGHIJKLMNOPQRSTUVWXY
ABCDEFGHIJKLMNOPQRSTUVWXY
case #59:
JJJJJJJJJJJJJJJJJJJJJJJJJ
JJJJJJJJJJJJJJJJJJJJJJJJJ
MMMMMMMMMMMMMMXXXXXXXXXXX
WWWWWWWWWWWWWWWWWWWWWWWWW
WWWWWWWWWWWWWWWWWWWWWWWWW
WWWWWWWWWWWWWWWWWWWWWWWWW
KKKKKKKKKKKKKKKKKKKKKKKKK
VVVVVVVVVVVVVVVVVVVVVVVVV
VVVVVVVVVVVVVVVVVVVVVVVVV
HHHHHHHHHHHHHHHHHHHHHHZZZ
NNNNNNNNNNNNUUUUUUUUPPPPP
QQQQQQQQQQQQQQQQQQQQQQQQQ
QQQQQQQQQQQQQQQQQQQQQQQQQ
QQQQQQQQQQQQQQQQQQQQQQQQQ
TTTTTTTTTTTTTTTTTTTTTTTTT
OOOOOOOOOOOOOOOOOOOOOOOOO
OOOOOOOOOOOOOOOOOOOOOOOOO
EEEEEEEEEEEEEEEEEEEEEEFFF
AAAAAAAAAAAAAAAARRRRRRRRR
LLLLLLLLLLLLLLLLLLLLLLLLL
LLLLLLLLLLLLLLLLLLLLLLLLL
BBBBBBBBBBBBBBBBBBSSSSSSS
IIIIIIIIIIIIIIIIIIIYYYYYY
GGGGGGGGGGGGGGGGCCCCCCCCC
DDDDDDDDDDDDDDDDDDDDDDDDD
case #60:
AAAAAAAAAAAACCCCCCCCCCCCC
AAAAAAAAAAAACCCCCCCCCCCCC
AAAAAAAAAAAACCCCCCCCCCCCC
AAAAAAAAAAAACCCCCCCCCCCCC
AAAAAAAAAAAACCCCCCCCCCCCC
AAAAAAAAAAAACCCCCCCCCCCCC
AAAAAAAAAAAACCCCCCCCCCCCC
EEEEEEEEEEEEEEEEEEEEEEEEE
EEEEEEEEEEEEEEEEEEEEEEEEE
EEEEEEEEEEEEEEEEEEEEEEEEE
EEEEEEEEEEEEEEEEEEEEEEEEE
BBBBBBBBBBBBBDDDDDDDDDDDD
BBBBBBBBBBBBBDDDDDDDDDDDD
BBBBBBBBBBBBBDDDDDDDDDDDD
BBBBBBBBBBBBBDDDDDDDDDDDD
BBBBBBBBBBBBBDDDDDDDDDDDD
BBBBBBBBBBBBBDDDDDDDDDDDD
BBBBBBBBBBBBBDDDDDDDDDDDD
BBBBBBBBBBBBBDDDDDDDDDDDD
BBBBBBBBBBBBBDDDDDDDDDDDD
BBBBBBBBBBBBBDDDDDDDDDDDD
BBBBBBBBBBBBBDDDDDDDDDDDD
BBBBBBBBBBBBBDDDDDDDDDDDD
BBBBBBBBBBBBBDDDDDDDDDDDD
BBBBBBBBBBBBBDDDDDDDDDDDD
case #61:
AAAA
AAAA
BBBB
case #62:
GGGGGGGGGGGGGGOOOOOOOOOOO
GGGGGGGGGGGGGGOOOOOOOOOOO
GGGGGGGGGGGGGGOOOOOOOOOOO
GGGGGGGGGGGGGGOOOOOOOOOOO
GGGGGGGGGGGGGGOOOOOOOOOOO
GGGGGGGGGGGGGGOOOOOOOOOOO
GGGGGGGGGGGGGGOOOOOOOOOOO
GGGGGGGGGGGGGGOOOOOOOOOOO
GGGGGGGGGGGGGGOOOOOOOOOOO
GGGGGGGGGGGGGGOOOOOOOOOOO
GGGGGGGGGGGGGGOOOOOOOOOOO
MMMMMMMMMMMMMMMMMMMMMMMMM
MMMMMMMMMMMMMMMMMMMMMMMMM
JJJJJJJJJJJJJJFFFFFFFFFFF
LLLLLLLLLLLUYYYYYXXXXXXXX
SSSSSSSSSSPPPPPPPPPPPPPPP
QQQQQQQQQQQQHHHHHHVVVEEEE
ZZZZZZZZZZZZZBBKWCDDDDDDD
AAAAAAAAAAAAAAAAAAAAAAAAA
NNNNNNNNNNNNNNNNTRRRRRRRR
NNNNNNNNNNNNNNNNTRRRRRRRR
IIIIIIIIIIIIIIIIIIIIIIIII
IIIIIIIIIIIIIIIIIIIIIIIII
IIIIIIIIIIIIIIIIIIIIIIIII
IIIIIIIIIIIIIIIIIIIIIIIII
case #63:
ZZZZZZZZZZZZZZZZZZZZZZZMM
ZZZZZZZZZZZZZZZZZZZZZZZMM
ZZZZZZZZZZZZZZZZZZZZZZZMM
QQQQQQQQQQQQQQQQQQQQQQQQQ
DDDDDDDDDDDDDDDDDDDDDUUUU
DDDDDDDDDDDDDDDDDDDDDUUUU
KKKKKKKKKKKKKKKKKKKKKKKKK
KKKKKKKKKKKKKKKKKKKKKKKKK
HHHHHHHHHHHHHHHHHHHHHHHHH
GGGGGGGGGGGGGGGGGGGGGGGGG
RRRRRRRRRRRRRRRRRRROOOOOO
RRRRRRRRRRRRRRRRRRROOOOOO
PPPPPPPPPPTTJJJJJJJJXXXXX
PPPPPPPPPPTTJJJJJJJJXXXXX
SSSSSSSSSSCCCCCCCCCCVVVVV
NNNNNNNNNNNNNNNNNNNNNNNNN
IIIIIIIIIIIIIIIIIIIIIIIII
BBBBBBBBBBBBBBBBBBBBBBBBB
AAAAAAAAAAAAAAAAAAAAAAEEE
YYYYYYYYYYYYYYYYYYYYYYYYY
YYYYYYYYYYYYYYYYYYYYYYYYY
LLLLLLLLLLLLLLLLLLLLLLLLL
FFFFFFFFFFFFFFFFFFFFFFFFF
FFFFFFFFFFFFFFFFFFFFFFFFF
WWWWWWWWWWWWWWWWWWWWWWWWW
case #64:
HHHHHHHHHHHHHHHHHHHHHHHHH
IIIIIIIIIIIIIIIIIIIIIIAAA
EEEEEEEEEEEEEEEEEEEEEEEEE
BBBBBBBBBBBBBBBBBBBBBBBBB
BBBBBBBBBBBBBBBBBBBBBBBBB
KKKKKKKKKKTTTTTTTTTTTTTTT
MMMMMMMMMMMMMMMMMMMMMMMMM
MMMMMMMMMMMMMMMMMMMMMMMMM
DDDDDDDDDDDDDDDDDDDDDDDDD
ZZZZZZZZZZZZZZZZZZZZVVVVV
WWWWWWWWWWWWWWWWWFFFFFFFF
WWWWWWWWWWWWWWWWWFFFFFFFF
WWWWWWWWWWWWWWWWWFFFFFFFF
YYYYYYYYYYYYYYPPPPPPPPPPP
GGGGGNNLLLLLLLLLLLLLQQQQQ
GGGGGNNLLLLLLLLLLLLLQQQQQ
GGGGGNNLLLLLLLLLLLLLQQQQQ
CCCCCCCCCCCCCCCCCCCCCCCXX
CCCCCCCCCCCCCCCCCCCCCCCXX
OOOOOOOOOOOOOOOOOOOOOOOOO
OOOOOOOOOOOOOOOOOOOOOOOOO
SSSSSSSSSSSSSSSSSSSSSSSSS
SSSSSSSSSSSSSSSSSSSSSSSSS
RRRRRRRRRRRRRRRRRRRRRRRRR
UUUUUUUUUUUUUUUUUJJJJJJJJ
case #65:
AAAAAAAAAAAAAAAAAAAAAAAAA
BBBBBBBBBBBBBBBBBBBBBBBBB
CCCCCCCCCCCCCCCCCCCCCCCCC
DDDDDDDDDDDDDDDDDDDDDDDDD
EEEEEEEEEEEEEEEEEEEEEEEEE
FFFFFFFFFFFFFFFFFFFFFFFFF
GGGGGGGGGGGGGGGGGGGGGGGGG
HHHHHHHHHHHHHHHHHHHHHHHHH
IIIIIIIIIIIIIIIIIIIIIIIII
JJJJJJJJJJJJJJJJJJJJJJJJJ
KKKKKKKKKKKKKKKKKKKKKKKKK
LLLLLLLLLLLLLLLLLLLLLLLLL
MMMMMMMMMMMMMMMMMMMMMMMMM
NNNNNNNNNNNNNNNNNNNNNNNNN
OOOOOOOOOOOOOOOOOOOOOOOOO
PPPPPPPPPPPPPPPPPPPPPPPPP
QQQQQQQQQQQQQQQQQQQQQQQQQ
RRRRRRRRRRRRRRRRRRRRRRRRR
SSSSSSSSSSSSSSSSSSSSSSSSS
TTTTTTTTTTTTTTTTTTTTTTTTT
UUUUUUUUUUUUUUUUUUUUUUUUU
VVVVVVVVVVVVVVVVVVVVVVVVV
WWWWWWWWWWWWWWWWWWWWWWWWW
XXXXXXXXXXXXXXXXXXXXXXXXX
YYYYYYYYYYYYYYYYYYYYYYYYY
case #66:
AAAAAAAAAAAAAAAAAAAAAALLL
QQQQQQQQQQQQQQQQQQQQQQKKK
VVVVVVVVVVVVVVVVVVVVVSSSN
MMMMMMMMMMMMMMMMMMMMBZZZZ
IIIIIIIIIIIIIIIIIIIIIIIII
HHHHHHHHHHHHHHHHHFFFFFFFF
YYYYYYYYYYYYYYYYYYYYYYYYO
EEEEEEEEEEEEEEEEEEEEEEETJ
XXXXXXXXXXXXXXXXXXXXXDDDD
UUUUUUUUUUUUUUUUUUUUUUUUU
PPPPPPPPPPPPPPPPPPPPPPPPP
PPPPPPPPPPPPPPPPPPPPPPPPP
RRRRRRRRRRRRRRRRRRRRRRRWW
GGGGGGGGGGGGGGGGGGGGGGGCC
GGGGGGGGGGGGGGGGGGGGGGGCC
GGGGGGGGGGGGGGGGGGGGGGGCC
GGGGGGGGGGGGGGGGGGGGGGGCC
GGGGGGGGGGGGGGGGGGGGGGGCC
GGGGGGGGGGGGGGGGGGGGGGGCC
GGGGGGGGGGGGGGGGGGGGGGGCC
GGGGGGGGGGGGGGGGGGGGGGGCC
GGGGGGGGGGGGGGGGGGGGGGGCC
GGGGGGGGGGGGGGGGGGGGGGGCC
GGGGGGGGGGGGGGGGGGGGGGGCC
GGGGGGGGGGGGGGGGGGGGGGGCC
case #67:
ABCDEFGHIJKLMNOPQRSTUVWXY
ABCDEFGHIJKLMNOPQRSTUVWXY
ABCDEFGHIJKLMNOPQRSTUVWXY
ABCDEFGHIJKLMNOPQRSTUVWXY
ABCDEFGHIJKLMNOPQRSTUVWXY
ABCDEFGHIJKLMNOPQRSTUVWXY
ABCDEFGHIJKLMNOPQRSTUVWXY
ABCDEFGHIJKLMNOPQRSTUVWXY
ABCDEFGHIJKLMNOPQRSTUVWXY
ABCDEFGHIJKLMNOPQRSTUVWXY
ABCDEFGHIJKLMNOPQRSTUVWXY
ABCDEFGHIJKLMNOPQRSTUVWXY
ABCDEFGHIJKLMNOPQRSTUVWXY
ABCDEFGHIJKLMNOPQRSTUVWXY
ABCDEFGHIJKLMNOPQRSTUVWXY
ABCDEFGHIJKLMNOPQRSTUVWXY
ABCDEFGHIJKLMNOPQRSTUVWXY
ABCDEFGHIJKLMNOPQRSTUVWXY
ABCDEFGHIJKLMNOPQRSTUVWXY
ABCDEFGHIJKLMNOPQRSTUVWXY
ABCDEFGHIJKLMNOPQRSTUVWXY
ABCDEFGHIJKLMNOPQRSTUVWXY
ABCDEFGHIJKLMNOPQRSTUVWXY
ABCDEFGHIJKLMNOPQRSTUVWXY
ABCDEFGHIJKLMNOPQRSTUVWXY
case #68:
EEEEEEEEEEEEEEEEEEEEEEEEE
EEEEEEEEEEEEEEEEEEEEEEEEE
EEEEEEEEEEEEEEEEEEEEEEEEE
EEEEEEEEEEEEEEEEEEEEEEEEE
EEEEEEEEEEEEEEEEEEEEEEEEE
EEEEEEEEEEEEEEEEEEEEEEEEE
EEEEEEEEEEEEEEEEEEEEEEEEE
EEEEEEEEEEEEEEEEEEEEEEEEE
EEEEEEEEEEEEEEEEEEEEEEEEE
EEEEEEEEEEEEEEEEEEEEEEEEE
EEEEEEEEEEEEEEEEEEEEEEEEE
EEEEEEEEEEEEEEEEEEEEEEEEE
EEEEEEEEEEEEEEEEEEEEEEEEE
EEEEEEEEEEEEEEEEEEEEEEEEE
EEEEEEEEEEEEEEEEEEEEEEEEE
EEEEEEEEEEEEEEEEEEEEEEEEE
EEEEEEEEEEEEEEEEEEEEEEEEE
VVVVVVVVVVIIIIIIIIIIIIIII
MMMMMMMMMXXXHHHHHHHHHHHHH
BBBBBBWSSSSSKKKKKKKKKKKKK
NNNNNNQZFFFCCRYYYYYYYYYYY
UUUUUUUJGLAAAAAAAAAAAAAAA
OOOOOOOOOOOOPPPPPPPPPPPPP
DDDDDDDDDDDDDDDDDDDDDDDDD
TTTTTTTTTTTTTTTTTTTTTTTTT
case #69:
IIIIIIIIIIIIIIIIIIIIIIIII
IIIIIIIIIIIIIIIIIIIIIIIII
IIIIIIIIIIIIIIIIIIIIIIIII
DDDDDDDDDDDDDDDDDDDDDDDDD
OOOOOOOOOOOOOOOOOOOOOOOOO
NNNNNNNNNNNNNNNNNNNNNLLLL
GGGGGGGGGGGGGTTTTTTTTTTTT
HHHHHHHHHHHHHHHHCCCCCCCCC
HHHHHHHHHHHHHHHHCCCCCCCCC
JJJJJJJJJJJJJJJJJJJJJJJUU
JJJJJJJJJJJJJJJJJJJJJJJUU
RRRRRRRRRRRRRRRRRRRRRRRRR
WWWWWWWWWWEEEEEEEEEEEEQQQ
WWWWWWWWWWEEEEEEEEEEEEQQQ
WWWWWWWWWWEEEEEEEEEEEEQQQ
FFFFFFFFFFFFFFFFFFFFFFFFS
VVVVVVVVVVVVVVVVVVVVVVVVV
VVVVVVVVVVVVVVVVVVVVVVVVV
VVVVVVVVVVVVVVVVVVVVVVVVV
VVVVVVVVVVVVVVVVVVVVVVVVV
KKKKKKKKKKKKKKKKKKKPPPXXX
YYYYYYYYYYYYYYYYYYYYYYZZZ
BBBBBBBBBBBBBBBBBBBBBBBBB
MMMMMMMMMMMMMMMMMMMMMMMMM
AAAAAAAAAAAAAAAAAAAAAAAAA
case #70:
ABCDEFGHIJKLMNOPQRSTUVWXY
ABCDEFGHIJKLMNOPQRSTUVWXY
ABCDEFGHIJKLMNOPQRSTUVWXY
ABCDEFGHIJKLMNOPQRSTUVWXY
ABCDEFGHIJKLMNOPQRSTUVWXY
ABCDEFGHIJKLMNOPQRSTUVWXY
ABCDEFGHIJKLMNOPQRSTUVWXY
ABCDEFGHIJKLMNOPQRSTUVWXY
ABCDEFGHIJKLMNOPQRSTUVWXY
ABCDEFGHIJKLMNOPQRSTUVWXY
ABCDEFGHIJKLMNOPQRSTUVWXY
ABCDEFGHIJKLMNOPQRSTUVWXY
ABCDEFGHIJKLMNOPQRSTUVWXY
ABCDEFGHIJKLMNOPQRSTUVWXY
ABCDEFGHIJKLMNOPQRSTUVWXY
ABCDEFGHIJKLMNOPQRSTUVWXY
ABCDEFGHIJKLMNOPQRSTUVWXY
ABCDEFGHIJKLMNOPQRSTUVWXY
ABCDEFGHIJKLMNOPQRSTUVWXY
ABCDEFGHIJKLMNOPQRSTUVWXY
ABCDEFGHIJKLMNOPQRSTUVWXY
ABCDEFGHIJKLMNOPQRSTUVWXY
ABCDEFGHIJKLMNOPQRSTUVWXY
ABCDEFGHIJKLMNOPQRSTUVWXY
ABCDEFGHIJKLMNOPQRSTUVWXY
case #71:
AAAAAAAAAAAAAAAAAAAAAAAAA
BBBBBBBBBBBBBBBBBBBBBBBBB
CCCCCCCCCCCCCCCCCCCCCCCCC
DDDDDDDDDDDDDDDDDDDDDDDDD
EEEEEEEEEEEEEEEEEEEEEEEEE
FFFFFFFFFFFFFFFFFFFFFFFFF
GGGGGGGGGGGGGGGGGGGGGGGGG
HHHHHHHHHHHHHHHHHHHHHHHHH
IIIIIIIIIIIIIIIIIIIIIIIII
JJJJJJJJJJJJJJJJJJJJJJJJJ
KKKKKKKKKKKKKKKKKKKKKKKKK
LLLLLLLLLLLLLLLLLLLLLLLLL
MMMMMMMMMMMMMMMMMMMMMMMMM
NNNNNNNNNNNNNNNNNNNNNNNNN
OOOOOOOOOOOOOOOOOOOOOOOOO
PPPPPPPPPPPPPPPPPPPPPPPPP
QQQQQQQQQQQQQQQQQQQQQQQQQ
RRRRRRRRRRRRRRRRRRRRRRRRR
SSSSSSSSSSSSSSSSSSSSSSSSS
TTTTTTTTTTTTTTTTTTTTTTTTT
UUUUUUUUUUUUUUUUUUUUUUUUU
VVVVVVVVVVVVVVVVVVVVVVVVV
WWWWWWWWWWWWWWWWWWWWWWWWW
XXXXXXXXXXXXXXXXXXXXXXXXX
YYYYYYYYYYYYYYYYYYYYYYYYY
case #72:
GGGGGGGGGGGGGGGGGGGGGGXXX
GGGGGGGGGGGGGGGGGGGGGGXXX
GGGGGGGGGGGGGGGGGGGGGGXXX
GGGGGGGGGGGGGGGGGGGGGGXXX
GGGGGGGGGGGGGGGGGGGGGGXXX
WWWWWWWWJJJJJJJJJJJJJJJJJ
WWWWWWWWJJJJJJJJJJJJJJJJJ
IIIIIIIIIIIIIIIIIIIIIIIII
EEEEEEEEEEEEEEEEEEEEEEETT
LLLLLLLLLLLLLLLLLLLLLLLLL
YYYYYYYYYYYYYYYYBBBBBBBBB
KKKKKKKKKKKKKKKKKKKKKKKKK
CCCCCCCCCCCCCCCCCCCCCCCCC
CCCCCCCCCCCCCCCCCCCCCCCCC
PPPPPPPPPPPPPPPPPPPPPPPPP
QQQQQQQQQQQQQQQQQQQQMMMMN
AAAAAAAAAAAAAAAAAAAAAAAAA
AAAAAAAAAAAAAAAAAAAAAAAAA
RRRRRRRRRRRRRRRRRRRRRRRRR
RRRRRRRRRRRRRRRRRRRRRRRRR
HHHHHHHHHHHHHHHHHHHHHHHHH
DDDDDDDDDDDDDDDDDDDDDDDDD
OOOOOOOOOOOOOOOOOOOOOOOVV
UUUUUUUUUUUUUUUUUUUUUUUSS
ZZZZZZZZZZFFFFFFFFFFFFFFF
case #73:
AAA
AAA
AAA
AAA
case #74:
A
A
case #75:
A
B
case #76:
GGA
CCE
BDF
case #77:
F
F
D
D
D
M
M
H
C
G
E
E
B
B
B
B
K
I
I
A
A
J
J
L
L
case #78:
AAACCCCCCCCCCCCCCCCCCCCCC
AAACCCCCCCCCCCCCCCCCCCCCC
AAACCCCCCCCCCCCCCCCCCCCCC
AAACCCCCCCCCCCCCCCCCCCCCC
AAACCCCCCCCCCCCCCCCCCCCCC
AAACCCCCCCCCCCCCCCCCCCCCC
AAACCCCCCCCCCCCCCCCCCCCCC
AAACCCCCCCCCCCCCCCCCCCCCC
AAACCCCCCCCCCCCCCCCCCCCCC
AAACCCCCCCCCCCCCCCCCCCCCC
AAACCCCCCCCCCCCCCCCCCCCCC
AAACCCCCCCCCCCCCCCCCCCCCC
AAACCCCCCCCCCCCCCCCCCCCCC
AAACCCCCCCCCCCCCCCCCCCCCC
AAACCCCCCCCCCCCCCCCCCCCCC
AAACCCCCCCCCCCCCCCCCCCCCC
AAACCCCCCCCCCCCCCCCCCCCCC
AAACCCCCCCCCCCCCCCCCCCCCC
AAACCCCCCCCCCCCCCCCCCCCCC
EEEEEEEEEEEEEEEEEEEEEEEEE
EEEEEEEEEEEEEEEEEEEEEEEEE
EEEEEEEEEEEEEEEEEEEEEEEEE
EEEEEEEEEEEEEEEEEEEEEEEEE
BBBBDDDDDDDDDDDDDDDDDDDDD
BBBBDDDDDDDDDDDDDDDDDDDDD
case #79:
ABCDEFGHIJKLMNOPQRSTUVWXY
ABCDEFGHIJKLMNOPQRSTUVWXY
ABCDEFGHIJKLMNOPQRSTUVWXY
ABCDEFGHIJKLMNOPQRSTUVWXY
ABCDEFGHIJKLMNOPQRSTUVWXY
ABCDEFGHIJKLMNOPQRSTUVWXY
ABCDEFGHIJKLMNOPQRSTUVWXY
ABCDEFGHIJKLMNOPQRSTUVWXY
ABCDEFGHIJKLMNOPQRSTUVWXY
ABCDEFGHIJKLMNOPQRSTUVWXY
ABCDEFGHIJKLMNOPQRSTUVWXY
ABCDEFGHIJKLMNOPQRSTUVWXY
ABCDEFGHIJKLMNOPQRSTUVWXY
ABCDEFGHIJKLMNOPQRSTUVWXY
ABCDEFGHIJKLMNOPQRSTUVWXY
ABCDEFGHIJKLMNOPQRSTUVWXY
ABCDEFGHIJKLMNOPQRSTUVWXY
ABCDEFGHIJKLMNOPQRSTUVWXY
ABCDEFGHIJKLMNOPQRSTUVWXY
ABCDEFGHIJKLMNOPQRSTUVWXY
ABCDEFGHIJKLMNOPQRSTUVWXY
ABCDEFGHIJKLMNOPQRSTUVWXY
ABCDEFGHIJKLMNOPQRSTUVWXY
ABCDEFGHIJKLMNOPQRSTUVWXY
ABCDEFGHIJKLMNOPQRSTUVWXY
case #80:
AAAAAAAAAAAAAAAAAAAAAAAAA
BBBBBBBBBBBBBBBBBBBBBBBBB
CCCCCCCCCCCCCCCCCCCCCCCCC
DDDDDDDDDDDDDDDDDDDDDDDDD
EEEEEEEEEEEEEEEEEEEEEEEEE
FFFFFFFFFFFFFFFFFFFFFFFFF
GGGGGGGGGGGGGGGGGGGGGGGGG
HHHHHHHHHHHHHHHHHHHHHHHHH
IIIIIIIIIIIIIIIIIIIIIIIII
JJJJJJJJJJJJJJJJJJJJJJJJJ
KKKKKKKKKKKKKKKKKKKKKKKKK
LLLLLLLLLLLLLLLLLLLLLLLLL
MMMMMMMMMMMMMMMMMMMMMMMMM
NNNNNNNNNNNNNNNNNNNNNNNNN
OOOOOOOOOOOOOOOOOOOOOOOOO
PPPPPPPPPPPPPPPPPPPPPPPPP
QQQQQQQQQQQQQQQQQQQQQQQQQ
RRRRRRRRRRRRRRRRRRRRRRRRR
SSSSSSSSSSSSSSSSSSSSSSSSS
TTTTTTTTTTTTTTTTTTTTTTTTT
UUUUUUUUUUUUUUUUUUUUUUUUU
VVVVVVVVVVVVVVVVVVVVVVVVV
WWWWWWWWWWWWWWWWWWWWWWWWW
XXXXXXXXXXXXXXXXXXXXXXXXX
YYYYYYYYYYYYYYYYYYYYYYYYY
case #81:
AAAAAAAAACCCCCCCCCCCCCCCC
AAAAAAAAACCCCCCCCCCCCCCCC
AAAAAAAAACCCCCCCCCCCCCCCC
AAAAAAAAACCCCCCCCCCCCCCCC
EEEEEEEEEEEEEEEEEEEEEEEEE
EEEEEEEEEEEEEEEEEEEEEEEEE
EEEEEEEEEEEEEEEEEEEEEEEEE
EEEEEEEEEEEEEEEEEEEEEEEEE
BBBBBBBBBBDDDDDDDDDDDDDDD
BBBBBBBBBBDDDDDDDDDDDDDDD
BBBBBBBBBBDDDDDDDDDDDDDDD
BBBBBBBBBBDDDDDDDDDDDDDDD
BBBBBBBBBBDDDDDDDDDDDDDDD
FFFFFFFFFFFFFFFFFFFFGGGGG
HHHHHHHHHHHHHHHHHHHHHHHHH
IIIIIIIIIIIIIIIIIIIIIIIII
JJJJJJJJJJJJJJJJJJJJJJJJJ
JJJJJJJJJJJJJJJJJJJJJJJJJ
JJJJJJJJJJJJJJJJJJJJJJJJJ
JJJJJJJJJJJJJJJJJJJJJJJJJ
JJJJJJJJJJJJJJJJJJJJJJJJJ
JJJJJJJJJJJJJJJJJJJJJJJJJ
JJJJJJJJJJJJJJJJJJJJJJJJJ
JJJJJJJJJJJJJJJJJJJJJJJJJ
JJJJJJJJJJJJJJJJJJJJJJJJJ
case #82:
VVVVVVVVVVVVVVVVVVVVVVVVV
ZZZZZZZZWWWWWWWWWWWWWWWWW
GGGGGGGGGGGGGGGGGGGGGGGGG
DDDDDDDDDDDDDDDDDDDDDDDDD
MMMMMMMMMMMMMMMMMMMMMMMMM
QQQQQQQQQQQQQQQQQQQQQQQQQ
FFFFFFFFFFFFFFFFFFFFFFFFF
PPKKKKEEEEEEEEEEEEEEEEEEI
TTTTTTTTTTTTTTTTTTTTTTTTT
TTTTTTTTTTTTTTTTTTTTTTTTT
RRRRRRRRRRRRRRRRRRRRRRRRR
RRRRRRRRRRRRRRRRRRRRRRRRR
HHHHHHHHHHHHHHHHHHHHHHHHH
HHHHHHHHHHHHHHHHHHHHHHHHH
HHHHHHHHHHHHHHHHHHHHHHHHH
HHHHHHHHHHHHHHHHHHHHHHHHH
YYYYYYYYYYYYYYYYYYYYYYYYY
SSSSSSSSSSSSSSSSCCCCCCCCC
AAAAAAAAAAAAAAAAAAAAAAAAA
UUUUUUUUUUUUUUUUUUUUUUUUU
JJJJJJJJJJJJJJJJNNNNNNNNX
BBBBBBBBBBBBBBBBBBBOOOOOO
BBBBBBBBBBBBBBBBBBBOOOOOO
LLLLLLLLLLLLLLLLLLLLLLLLL
LLLLLLLLLLLLLLLLLLLLLLLLL
case #83:
AAAAAACCCCCCCCCCCCCCCCCCC
AAAAAACCCCCCCCCCCCCCCCCCC
AAAAAACCCCCCCCCCCCCCCCCCC
AAAAAACCCCCCCCCCCCCCCCCCC
AAAAAACCCCCCCCCCCCCCCCCCC
AAAAAACCCCCCCCCCCCCCCCCCC
AAAAAACCCCCCCCCCCCCCCCCCC
EEEEEEEEEEEEEEEEEEEEEEEEE
EEEEEEEEEEEEEEEEEEEEEEEEE
EEEEEEEEEEEEEEEEEEEEEEEEE
EEEEEEEEEEEEEEEEEEEEEEEEE
BBBBBBBDDDDDDDDDDDDDDDDDD
BBBBBBBDDDDDDDDDDDDDDDDDD
BBBBBBBDDDDDDDDDDDDDDDDDD
BBBBBBBDDDDDDDDDDDDDDDDDD
BBBBBBBDDDDDDDDDDDDDDDDDD
BBBBBBBDDDDDDDDDDDDDDDDDD
BBBBBBBDDDDDDDDDDDDDDDDDD
BBBBBBBDDDDDDDDDDDDDDDDDD
FFFFFFFFFFFFFFFFFFFFGGGGG
HHHHHHHHHHHHHHHHHHHHHHHHH
IIIIIIIIIIIIIIIIIIIIIIIII
JJJJJJJJJJJJJJJJJJJJJJJJJ
JJJJJJJJJJJJJJJJJJJJJJJJJ
JJJJJJJJJJJJJJJJJJJJJJJJJ
case #84:
AAAAAAABBBBBBBBBBBBBBBBBB
AAAAAAABBBBBBBBBBBBBBBBBB
AAAAAAABBBBBBBBBBBBBBBBBB
AAAAAAABBBBBBBBBBBBBBBBBB
AAAAAAABBBBBBBBBBBBBBBBBB
CCCCCCCCCCCCCCCCCCCCCCCCC
DDDDDDDDDDDDDDDDDDDDDDDDD
EEEEEEEEEEEEEEEEEEEEEEEEE
EEEEEEEEEEEEEEEEEEEEEEEEE
EEEEEEEEEEEEEEEEEEEEEEEEE
EEEEEEEEEEEEEEEEEEEEEEEEE
EEEEEEEEEEEEEEEEEEEEEEEEE
EEEEEEEEEEEEEEEEEEEEEEEEE
EEEEEEEEEEEEEEEEEEEEEEEEE
FFFFFFFFFFFFFFFFFFFFFHHHH
JJJJJJJJJJJJJJJJJJJJJJJJJ
JJJJJJJJJJJJJJJJJJJJJJJJJ
JJJJJJJJJJJJJJJJJJJJJJJJJ
JJJJJJJJJJJJJJJJJJJJJJJJJ
GGGGGGGGGGGGGGGGGGGGGGIII
GGGGGGGGGGGGGGGGGGGGGGIII
GGGGGGGGGGGGGGGGGGGGGGIII
GGGGGGGGGGGGGGGGGGGGGGIII
GGGGGGGGGGGGGGGGGGGGGGIII
GGGGGGGGGGGGGGGGGGGGGGIII
case #85:
AAAAAAACCCCCCCCCCCCCCCCCC
AAAAAAACCCCCCCCCCCCCCCCCC
AAAAAAACCCCCCCCCCCCCCCCCC
AAAAAAACCCCCCCCCCCCCCCCCC
AAAAAAACCCCCCCCCCCCCCCCCC
AAAAAAACCCCCCCCCCCCCCCCCC
AAAAAAACCCCCCCCCCCCCCCCCC
AAAAAAACCCCCCCCCCCCCCCCCC
AAAAAAACCCCCCCCCCCCCCCCCC
AAAAAAACCCCCCCCCCCCCCCCCC
AAAAAAACCCCCCCCCCCCCCCCCC
AAAAAAACCCCCCCCCCCCCCCCCC
EEEEEEEEEEEEEEEEEEEEEEEEE
EEEEEEEEEEEEEEEEEEEEEEEEE
EEEEEEEEEEEEEEEEEEEEEEEEE
EEEEEEEEEEEEEEEEEEEEEEEEE
BBBBBBBBDDDDDDDDDDDDDDDDD
BBBBBBBBDDDDDDDDDDDDDDDDD
BBBBBBBBDDDDDDDDDDDDDDDDD
BBBBBBBBDDDDDDDDDDDDDDDDD
BBBBBBBBDDDDDDDDDDDDDDDDD
BBBBBBBBDDDDDDDDDDDDDDDDD
BBBBBBBBDDDDDDDDDDDDDDDDD
BBBBBBBBDDDDDDDDDDDDDDDDD
BBBBBBBBDDDDDDDDDDDDDDDDD
case #86:
ABCDEFGHIJKLMNOPQRSTUVWXY
ABCDEFGHIJKLMNOPQRSTUVWXY
ABCDEFGHIJKLMNOPQRSTUVWXY
ABCDEFGHIJKLMNOPQRSTUVWXY
ABCDEFGHIJKLMNOPQRSTUVWXY
ABCDEFGHIJKLMNOPQRSTUVWXY
ABCDEFGHIJKLMNOPQRSTUVWXY
ABCDEFGHIJKLMNOPQRSTUVWXY
ABCDEFGHIJKLMNOPQRSTUVWXY
ABCDEFGHIJKLMNOPQRSTUVWXY
ABCDEFGHIJKLMNOPQRSTUVWXY
ABCDEFGHIJKLMNOPQRSTUVWXY
ABCDEFGHIJKLMNOPQRSTUVWXY
ABCDEFGHIJKLMNOPQRSTUVWXY
ABCDEFGHIJKLMNOPQRSTUVWXY
ABCDEFGHIJKLMNOPQRSTUVWXY
ABCDEFGHIJKLMNOPQRSTUVWXY
ABCDEFGHIJKLMNOPQRSTUVWXY
ABCDEFGHIJKLMNOPQRSTUVWXY
ABCDEFGHIJKLMNOPQRSTUVWXY
ABCDEFGHIJKLMNOPQRSTUVWXY
ABCDEFGHIJKLMNOPQRSTUVWXY
ABCDEFGHIJKLMNOPQRSTUVWXY
ABCDEFGHIJKLMNOPQRSTUVWXY
ABCDEFGHIJKLMNOPQRSTUVWXY
case #87:
BC
DA
case #88:
AA
case #89:
TTTTTTTTTTTTTTTTTTTTTTTTT
TTTTTTTTTTTTTTTTTTTTTTTTT
TTTTTTTTTTTTTTTTTTTTTTTTT
TTTTTTTTTTTTTTTTTTTTTTTTT
TTTTTTTTTTTTTTTTTTTTTTTTT
TTTTTTTTTTTTTTTTTTTTTTTTT
TTTTTTTTTTTTTTTTTTTTTTTTT
TTTTTTTTTTTTTTTTTTTTTTTTT
TTTTTTTTTTTTTTTTTTTTTTTTT
TTTTTTTTTTTTTTTTTTTTTTTTT
TTTTTTTTTTTTTTTTTTTTTTTTT
TTTTTTTTTTTTTTTTTTTTTTTTT
TTTTTTTTTTTTTTTTTTTTTTTTT
TTTTTTTTTTTTTTTTTTTTTTTTT
TTTTTTTTTTTTTTTTTTTTTTTTT
TTTTTTTTTTTTTTTTTTTTTTTTT
OOOOOOOOOOOOOOOOOOOOOOOOO
GGGGGGGGGGGFCCCCCCCCCCCCC
ZZZZZZZZZZZZUUUUUUUUUUUUU
KKKKKKKKKKKHHHJJEEEEEEEEE
WWWWWWBBBBBAAAARRRRRRRRRR
YYYYYYYYYYYYYYYYYYYYYYYYY
IIIIISSVVVVVVVVVVVVVVVVVV
LLLLLLLLMQQQQQQQXXXXXXXXX
PPPPPPPPDNNNNNNNNNNNNNNNN
case #90:
ZZZZZZZZZZZZZZZZZZZZZZZZZ
KKKKKKKKKKKKKKKKKKKKKKKKK
DDDDDDDDDDDDDDDDDDDDDDDDD
DDDDDDDDDDDDDDDDDDDDDDDDD
JJJJJJJJJJJJJJJJJJJJJJJJJ
NNNNNNNNNNNNNRRRRRRRRPPPP
NNNNNNNNNNNNNRRRRRRRRPPPP
NNNNNNNNNNNNNRRRRRRRRPPPP
MMMMMMMMMMMMMMMMMMMMMMMMM
FFFFFFFFFFFFFFFFFFFFFFFFF
OOOOOOOOOOOOOOOOOOOLLLLLL
CCCCCCCCCCCCCCCCCCCCCCCCC
WWWWWWWWWWWWWWWWWWWWWHHHH
WWWWWWWWWWWWWWWWWWWWWHHHH
WWWWWWWWWWWWWWWWWWWWWHHHH
SSSSSSSSSSSSSSSSSSSSSSSSS
BBBBBBBBBBBBBBBBBBBBTTTTT
EEEEEEEEEEEEEEEEEEEEEEEEE
YYYYYYYYYYYYYYYYYYAAAAAAA
IIIIIUUUUUUVVVVVVVVQQQQQQ
IIIIIUUUUUUVVVVVVVVQQQQQQ
GGGGGGGGGGGGGGGGGGGGGGGGG
XXXXXXXXXXXXXXXXXXXXXXXXX
XXXXXXXXXXXXXXXXXXXXXXXXX
XXXXXXXXXXXXXXXXXXXXXXXXX
case #91:
CCCJH
BAKFG
DDIEE
case #92:
AABBCCDDEEFFGGHHIIJJKKLLM
NNNOOPPQQRRSSTTUUVVWWXXYY
ZZZZZZZZZZZZZZZZZZZZZZZZZ
ZZZZZZZZZZZZZZZZZZZZZZZZZ
ZZZZZZZZZZZZZZZZZZZZZZZZZ
ZZZZZZZZZZZZZZZZZZZZZZZZZ
ZZZZZZZZZZZZZZZZZZZZZZZZZ
ZZZZZZZZZZZZZZZZZZZZZZZZZ
ZZZZZZZZZZZZZZZZZZZZZZZZZ
ZZZZZZZZZZZZZZZZZZZZZZZZZ
ZZZZZZZZZZZZZZZZZZZZZZZZZ
ZZZZZZZZZZZZZZZZZZZZZZZZZ
ZZZZZZZZZZZZZZZZZZZZZZZZZ
ZZZZZZZZZZZZZZZZZZZZZZZZZ
ZZZZZZZZZZZZZZZZZZZZZZZZZ
ZZZZZZZZZZZZZZZZZZZZZZZZZ
ZZZZZZZZZZZZZZZZZZZZZZZZZ
ZZZZZZZZZZZZZZZZZZZZZZZZZ
ZZZZZZZZZZZZZZZZZZZZZZZZZ
ZZZZZZZZZZZZZZZZZZZZZZZZZ
ZZZZZZZZZZZZZZZZZZZZZZZZZ
ZZZZZZZZZZZZZZZZZZZZZZZZZ
ZZZZZZZZZZZZZZZZZZZZZZZZZ
ZZZZZZZZZZZZZZZZZZZZZZZZZ
ZZZZZZZZZZZZZZZZZZZZZZZZZ
case #93:
ZZZZZZZZZZZZZZZZZZZZNNXXX
ZZZZZZZZZZZZZZZZZZZZNNXXX
ZZZZZZZZZZZZZZZZZZZZNNXXX
ZZZZZZZZZZZZZZZZZZZZNNXXX
ZZZZZZZZZZZZZZZZZZZZNNXXX
ZZZZZZZZZZZZZZZZZZZZNNXXX
ZZZZZZZZZZZZZZZZZZZZNNXXX
ZZZZZZZZZZZZZZZZZZZZNNXXX
SSSSSSSSSSSSSSSSSSSSSFFFF
VVVVVVVVVVVVVVVVVVVVVVVVV
KKKKKKKKKKKKKKKKKKKKKKKKK
RRRRRRRRRRRRRRRRRRRRRRRRR
BBBBBBBBBBBBBBBBBBBBBBBBB
LLLLLLLLLLLLLQQQQQQQQQQQQ
WWWWWWWWWWWWWWWWWWWWWWWOO
DDDDDDDDDDDDDDDDDYYEEMMMT
GGGGGGGGGGGGGGGGGGGGGGGGG
IIIIIIIIIIIIIIIIIIIIHHHHC
AAAAAAAAAAAAAAAAAAAAAAAAA
UUUUUUUUUUUUUUUUUUUJJJJJJ
PPPPPPPPPPPPPPPPPPPPPPPPP
PPPPPPPPPPPPPPPPPPPPPPPPP
PPPPPPPPPPPPPPPPPPPPPPPPP
PPPPPPPPPPPPPPPPPPPPPPPPP
PPPPPPPPPPPPPPPPPPPPPPPPP
case #94:
AAAAAAAAAAAAAAAAAACCCCCCC
AAAAAAAAAAAAAAAAAACCCCCCC
AAAAAAAAAAAAAAAAAACCCCCCC
AAAAAAAAAAAAAAAAAACCCCCCC
AAAAAAAAAAAAAAAAAACCCCCCC
AAAAAAAAAAAAAAAAAACCCCCCC
AAAAAAAAAAAAAAAAAACCCCCCC
AAAAAAAAAAAAAAAAAACCCCCCC
AAAAAAAAAAAAAAAAAACCCCCCC
AAAAAAAAAAAAAAAAAACCCCCCC
AAAAAAAAAAAAAAAAAACCCCCCC
AAAAAAAAAAAAAAAAAACCCCCCC
AAAAAAAAAAAAAAAAAACCCCCCC
AAAAAAAAAAAAAAAAAACCCCCCC
EEEEEEEEEEEEEEEEEEEEEEEEE
EEEEEEEEEEEEEEEEEEEEEEEEE
EEEEEEEEEEEEEEEEEEEEEEEEE
EEEEEEEEEEEEEEEEEEEEEEEEE
BBBBBBBBBBBBBBBBBBBDDDDDD
BBBBBBBBBBBBBBBBBBBDDDDDD
BBBBBBBBBBBBBBBBBBBDDDDDD
BBBBBBBBBBBBBBBBBBBDDDDDD
BBBBBBBBBBBBBBBBBBBDDDDDD
BBBBBBBBBBBBBBBBBBBDDDDDD
BBBBBBBBBBBBBBBBBBBDDDDDD
case #95:
KKKRDG
JNPPPO
CLLLLI
AAABBB
HHQEEE
MMMFFF
case #96:
BBBB
JJJE
AIDF
GGGC
HHHH
HHHH
case #97:
AAAAAAAAACCCCCCCCCCCCCCCC
AAAAAAAAACCCCCCCCCCCCCCCC
AAAAAAAAACCCCCCCCCCCCCCCC
AAAAAAAAACCCCCCCCCCCCCCCC
AAAAAAAAACCCCCCCCCCCCCCCC
AAAAAAAAACCCCCCCCCCCCCCCC
EEEEEEEEEEEEEEEEEEEEEEEEE
EEEEEEEEEEEEEEEEEEEEEEEEE
EEEEEEEEEEEEEEEEEEEEEEEEE
EEEEEEEEEEEEEEEEEEEEEEEEE
BBBBBBBBBBDDDDDDDDDDDDDDD
BBBBBBBBBBDDDDDDDDDDDDDDD
BBBBBBBBBBDDDDDDDDDDDDDDD
FFFFFFFFFFFFFFFFFFFFFFGGG
HHHHHHHHHHHHHHHHHHHHHHHHH
IIIIIIIIIIIIIIIIIIIIIIIII
JJJJJJJJJJJJJJJJJJJJJJJJJ
JJJJJJJJJJJJJJJJJJJJJJJJJ
JJJJJJJJJJJJJJJJJJJJJJJJJ
JJJJJJJJJJJJJJJJJJJJJJJJJ
JJJJJJJJJJJJJJJJJJJJJJJJJ
JJJJJJJJJJJJJJJJJJJJJJJJJ
JJJJJJJJJJJJJJJJJJJJJJJJJ
JJJJJJJJJJJJJJJJJJJJJJJJJ
JJJJJJJJJJJJJJJJJJJJJJJJJ
case #98:
AAAAAAAAAABBBBBBBBBBBBBBB
AAAAAAAAAABBBBBBBBBBBBBBB
AAAAAAAAAABBBBBBBBBBBBBBB
AAAAAAAAAABBBBBBBBBBBBBBB
AAAAAAAAAABBBBBBBBBBBBBBB
AAAAAAAAAABBBBBBBBBBBBBBB
AAAAAAAAAABBBBBBBBBBBBBBB
AAAAAAAAAABBBBBBBBBBBBBBB
AAAAAAAAAABBBBBBBBBBBBBBB
AAAAAAAAAABBBBBBBBBBBBBBB
CCCCCCCCCCCCCCCCCCCCCCCCC
DDDDDDDDDDDDDDDDDDDDDDDDD
EEEEEEEEEEEEEEEEEEEEEEEEE
EEEEEEEEEEEEEEEEEEEEEEEEE
EEEEEEEEEEEEEEEEEEEEEEEEE
EEEEEEEEEEEEEEEEEEEEEEEEE
EEEEEEEEEEEEEEEEEEEEEEEEE
EEEEEEEEEEEEEEEEEEEEEEEEE
EEEEEEEEEEEEEEEEEEEEEEEEE
EEEEEEEEEEEEEEEEEEEEEEEEE
EEEEEEEEEEEEEEEEEEEEEEEEE
EEEEEEEEEEEEEEEEEEEEEEEEE
EEEEEEEEEEEEEEEEEEEEEEEEE
EEEEEEEEEEEEEEEEEEEEEEEEE
EEEEEEEEEEEEEEEEEEEEEEEEE
case #99:
EEEEEEEEEEEEEEEEEEEEEEEEE
EEEEEEEEEEEEEEEEEEEEEEEEE
EEEEEEEEEEEEEEEEEEEEEEEEE
EEEEEEEEEEEEEEEEEEEEEEEEE
EEEEEEEEEEEEEEEEEEEEEEEEE
EEEEEEEEEEEEEEEEEEEEEEEEE
EEEEEEEEEEEEEEEEEEEEEEEEE
EEEEEEEEEEEEEEEEEEEEEEEEE
EEEEEEEEEEEEEEEEEEEEEEEEE
EEEEEEEEEEEEEEEEEEEEEEEEE
EEEEEEEEEEEEEEEEEEEEEEEEE
NNFFFFFFFFFFFFFFFFFFFFFFF
GLLLLLLLLLLLLLLLLLLLLLLLL
WWWIRRRRRRRRRRRRRRRRRRRRR
CCCSOMMMMMMMMMMMMMMMMMMMM
AAAAAAYYYYYYYYYYYYYYYYYYY
HHHHHDDDDDDDDDDDDDDDDDDDD
ZQUPPPPPPPPPPPPPPPPPPPPPP
BBBJVVVVVVVVVVVVVVVVVVVVV
TTXXXXXXXXXXXXXXXXXXXXXXX
KKKKKKKKKKKKKKKKKKKKKKKKK
KKKKKKKKKKKKKKKKKKKKKKKKK
KKKKKKKKKKKKKKKKKKKKKKKKK
KKKKKKKKKKKKKKKKKKKKKKKKK
KKKKKKKKKKKKKKKKKKKKKKKKK
case #100:
PP
BU
ZZ
RC
OO
AS
AS
HH
WD
EE
MK
MK
QL
GG
GG
TT
JX
YY
YY
VV
VV
II
II
II
FN
