case #1:
GGG
CCC
JJJ
case #2:
CODE
CODE
JJAM
case #3:
CA
KE
case #4:
EE
EE
CC
BD
BD
AA
case #5:
GGBD
HHEI
CAFJ
case #6:
EEAB
CFHI
GGJD
case #7:
EFI
KGL
DJC
ABH
case #8:
FFBE
CCCA
DDDD
case #9:
AABB
CCCD
EEFF
case #10:
FCC
EED
EED
BBA
case #11:
BCC
DDD
FAA
EEE
case #12:
BB
AA
case #13:
BBF
DDD
CAA
EEE
case #14:
ACCC
EEEE
BBDF
case #15:
DCC
BEA
FFF
FFF
case #16:
AAAA
BBBB
CCCC
case #17:
EEE
FFA
CCB
DDD
case #18:
BAC
case #19:
B
A
case #20:
BHJF
ALKI
CDGE
case #21:
EBB
GAD
IFJ
CHH
case #22:
CDA
FFF
BBB
EEE
case #23:
ABG
DHE
CJI
FFF
case #24:
AA
AA
case #25:
CBB
EAA
FDD
FDD
case #26:
DDDD
BCCE
AAAA
case #27:
ADD
BBB
CCE
case #28:
BBBB
EEEC
AAAD
case #29:
BAA
EFD
EFD
CCC
case #30:
AAB
CCC
DDD
EEF
case #31:
ABCD
ABCD
ABCD
case #32:
ADDD
BFEE
CCCC
case #33:
DDE
AAB
CCC
CCC
case #34:
AB
case #35:
BBBC
BBBC
EEAD
case #36:
DBBB
FCEE
AAAA
case #37:
CHDE
GIKA
FBJJ
case #38:
CIG
HAD
EFF
BBB
case #39:
CHDD
BGFE
JIAA
case #40:
HHE
AAJ
CDG
FBI
case #41:
BD
AC
case #42:
BBBB
AAAA
case #43:
AAAA
BBBB
CCCC
case #44:
AABBCCDDEEFF
case #45:
CCB
CCB
EEE
DAF
case #46:
AAAA
DDDC
BBEE
case #47:
AAAA
BBDD
CCCE
case #48:
ADDE
BCCC
BCCC
case #49:
AEC
BDF
case #50:
AAA
BBC
case #51:
AAB
CCC
DDE
FFF
case #52:
CCC
FFF
DDE
BAA
case #53:
CDD
AAB
FFF
EEE
case #54:
AAAA
BBBB
CCCC
case #55:
CEJA
IKGF
BBHD
case #56:
EEF
BBB
CCC
DDA
case #57:
ABC
DDD
EEE
case #58:
AAD
AAD
EFC
BBB
case #59:
AAA
case #60:
AAAA
DDDD
EECB
case #61:
AA
case #62:
AAAA
BBBB
CCCC
case #63:
DCBB
AAAA
EEEE
case #64:
EEE
DCC
BBB
AAF
case #65:
CCJJ
CCJJ
CCJJ
case #66:
FAEB
HGCC
DDDD
case #67:
AA
BB
CC
DD
EE
FF
case #68:
ABCD
ABCD
ABCD
case #69:
AABBCC
DDDEEF
case #70:
AAA
AAA
case #71:
AEEE
BBCD
BBCD
case #72:
ABCD
ABCD
ABCD
case #73:
CCB
EAD
case #74:
GHAE
LCJB
DKIF
case #75:
BBBC
AAED
IFGH
case #76:
EEEE
BBBB
CCDA
case #77:
BCF
ADE
ADE
ADE
case #78:
CDB
AAA
case #79:
EEEE
CCCD
AAAB
case #80:
BBBB
DEEE
ACCC
case #81:
AAA
BBB
case #82:
FFE
BBB
DDA
CCC
case #83:
CDD
FFB
FFB
AAE
case #84:
CEEE
AAAB
DDDD
case #85:
A
A
B
B
C
C
D
D
E
E
F
F
case #86:
FFF
CID
EHJ
AGB
case #87:
CCB
IIH
FED
AAG
case #88:
BA
CC
case #89:
CCCC
BDDA
EEEE
case #90:
BJD
CHI
EGL
FKA
case #91:
CJI
KLG
HDB
AEF
case #92:
A
case #93:
ECD
ABB
ABB
ABB
case #94:
CDDD
CDDD
BBAE
case #95:
BGLK
DJEF
HCAI
case #96:
EEE
EEE
BBB
DCA
case #97:
AA
AA
AA
BB
case #98:
BAA
case #99:
A
A
case #100:
JKAH
CGEB
IIDF
